<?xml version="1.0" encoding="UTF-8"?>
<!-- Generated by org.testng.reporters.JUnitXMLReporter -->
<testsuite ignored="0" hostname="LIN59018729" failures="1" tests="9" name="Default test" time="98.244" errors="0" timestamp="2026-02-15T01:03:25 IST">
  <testcase classname="com.ui.tests.LoginTest" name="verify_Login_Valid_Credentials" time="2.633"/>
  <testcase classname="com.ui.tests.LoginTest" name="verify_Login_Valid_Credentials" time="1.893"/>
  <testcase classname="com.ui.tests.LoginTest" name="verify_Login_Valid_Credentials" time="4.493"/>
  <testcase classname="com.ui.tests.LoginTest" name="verify_Login_Valid_withCSVDATA__Credentials" time="1.965"/>
  <testcase classname="com.ui.tests.LoginTest" name="verify_Login_Valid_withCSVDATA__Credentials" time="4.796"/>
  <testcase classname="com.ui.tests.LoginTest" name="verify_Login_Valid_withExcelDATA__Credentials" time="2.125">
    <skipped/>
  </testcase> <!-- verify_Login_Valid_withExcelDATA__Credentials -->
  <testcase classname="com.ui.tests.LoginTest" name="verify_Login_Valid_withExcelDATA__Credentials" time="3.073">
    <skipped/>
  </testcase> <!-- verify_Login_Valid_withExcelDATA__Credentials -->
  <testcase classname="com.ui.tests.LoginTest" name="verify_Login_Valid_withExcelDATA__Credentials" time="4.217">
    <skipped/>
  </testcase> <!-- verify_Login_Valid_withExcelDATA__Credentials -->
  <testcase classname="com.ui.tests.LoginTest" name="verify_Login_Valid_withExcelDATA__Credentials" time="6.37">
    <failure type="java.lang.AssertionError" message="expected [Angel John1] but found [Angel John]">
      <![CDATA[java.lang.AssertionError: expected [Angel John1] but found [Angel John]
at org.testng.Assert.fail(Assert.java:111)
at org.testng.Assert.failNotEquals(Assert.java:1590)
at org.testng.Assert.assertEqualsImpl(Assert.java:150)
at org.testng.Assert.assertEquals(Assert.java:132)
at org.testng.Assert.assertEquals(Assert.java:656)
at org.testng.Assert.assertEquals(Assert.java:666)
at com.ui.tests.LoginTest.verify_Login_Valid_withExcelDATA__Credentials(LoginTest.java:61)
at java.base/jdk.internal.reflect.DirectMethodHandleAccessor.invoke(DirectMethodHandleAccessor.java:103)
at java.base/java.lang.reflect.Method.invoke(Method.java:580)
at org.testng.internal.invokers.MethodInvocationHelper.invokeMethod(MethodInvocationHelper.java:141)
at org.testng.internal.invokers.TestInvoker.invokeMethod(TestInvoker.java:697)
at org.testng.internal.invokers.TestInvoker.retryFailed(TestInvoker.java:280)
at org.testng.internal.invokers.MethodRunner.runInSequence(MethodRunner.java:76)
at org.testng.internal.invokers.TestInvoker$MethodInvocationAgent.invoke(TestInvoker.java:1005)
at org.testng.internal.invokers.TestInvoker.invokeTestMethods(TestInvoker.java:203)
at org.testng.internal.invokers.TestMethodWorker.invokeTestMethods(TestMethodWorker.java:154)
at org.testng.internal.invokers.TestMethodWorker.run(TestMethodWorker.java:134)
at java.base/java.util.ArrayList.forEach(ArrayList.java:1596)
at org.testng.TestRunner.privateRun(TestRunner.java:744)
at org.testng.TestRunner.run(TestRunner.java:616)
at org.testng.SuiteRunner.runTest(SuiteRunner.java:421)
at org.testng.SuiteRunner.runSequentially(SuiteRunner.java:413)
at org.testng.SuiteRunner.privateRun(SuiteRunner.java:373)
at org.testng.SuiteRunner.run(SuiteRunner.java:312)
at org.testng.SuiteRunnerWorker.runSuite(SuiteRunnerWorker.java:52)
at org.testng.SuiteRunnerWorker.run(SuiteRunnerWorker.java:95)
at org.testng.TestNG.runSuitesSequentially(TestNG.java:1274)
at org.testng.TestNG.runSuitesLocally(TestNG.java:1208)
at org.testng.TestNG.runSuites(TestNG.java:1112)
at org.testng.TestNG.run(TestNG.java:1079)
at org.testng.remote.AbstractRemoteTestNG.run(AbstractRemoteTestNG.java:115)
at org.testng.remote.RemoteTestNG.initAndRun(RemoteTestNG.java:293)
at org.testng.remote.RemoteTestNG.main(RemoteTestNG.java:91)
]]>
    </failure>
  </testcase> <!-- verify_Login_Valid_withExcelDATA__Credentials -->
</testsuite> <!-- Default test -->
