<?xml version="1.0" encoding="UTF-8"?>
<!-- Generated by org.testng.reporters.JUnitXMLReporter -->
<testsuite ignored="0" hostname="DESKTOP-79N3A6J" failures="0" tests="3" name="Default test" time="12.351" errors="0" timestamp="2026-02-09T23:37:59 IST">
  <testcase classname="com.ui.tests.LoginTest" name="verify_Login_Valid_Credentials" time="1.055"/>
  <testcase classname="com.ui.tests.LoginTest" name="verify_Login_Valid_Credentials" time="1.186"/>
  <testcase classname="com.ui.tests.LoginTest" name="verify_Login_Valid_Credentials" time="1.048"/>
</testsuite> <!-- Default test -->
