2026-02-47 12:27:55[main]INFO com.ui.listeners.TestListener Test Suit Started 
2026-02-47 12:27:55[TestNG-test-UI Automation Test-2]INFO com.ui.tests.LoginTest load the HomePage of website 
2026-02-47 12:27:55[TestNG-test-UI Automation Test-2]INFO com.ui.pages.HomePage Launching Browser for CHROME 
2026-02-47 12:27:55[TestNG-test-UI Automation Test-1]INFO com.ui.tests.LoginTest load the HomePage of website 
2026-02-47 12:27:55[TestNG-test-UI Automation Test-1]INFO com.ui.pages.HomePage Launching Browser for CHROME 
2026-02-47 12:27:56[TestNG-test-UI Automation Test-3]INFO com.ui.tests.LoginTest load the HomePage of website 
2026-02-47 12:27:56[TestNG-test-UI Automation Test-3]INFO com.ui.pages.HomePage Launching Browser for CHROME 
2026-02-47 12:28:02[TestNG-test-UI Automation Test-3]INFO com.ui.pages.HomePage Visiting the websitehttps://automationpractice.techwithjatin.com/ 
2026-02-47 12:28:02[TestNG-test-UI Automation Test-1]INFO com.ui.pages.HomePage Visiting the websitehttps://automationpractice.techwithjatin.com/ 
2026-02-47 12:28:02[TestNG-test-UI Automation Test-2]INFO com.ui.pages.HomePage Visiting the websitehttps://automationpractice.techwithjatin.com/ 
2026-02-47 12:28:03[TestNG-test-UI Automation Test-3]INFO com.ui.listeners.TestListener verify_Login_Valid_withExcelDATA__Credentials 
2026-02-47 12:28:03[TestNG-test-UI Automation Test-3]INFO com.ui.listeners.TestListener verifies with valid user is able to login into the application 
2026-02-47 12:28:03[TestNG-test-UI Automation Test-3]INFO com.ui.listeners.TestListener [e2e, sanity] 
2026-02-47 12:28:03[TestNG-test-UI Automation Test-3]INFO com.ui.pages.HomePage Trying to performimg click to go to Sign in Page 
2026-02-47 12:28:03[TestNG-test-UI Automation Test-3]INFO com.ui.pages.HomePage Finding Elements with locatorBy.linkText: Sign in 
2026-02-47 12:28:04[TestNG-test-UI Automation Test-3]INFO com.ui.pages.HomePage Elements Found and Now Performing click 
2026-02-47 12:28:05[TestNG-test-UI Automation Test-3]INFO com.ui.pages.LoginPage Finding Elements with locatorBy.id: email 
2026-02-47 12:28:05[TestNG-test-UI Automation Test-3]INFO com.ui.pages.LoginPage Elements Found and Now Enter Text 
2026-02-47 12:28:05[TestNG-test-UI Automation Test-3]INFO com.ui.pages.LoginPage Finding Elements with locatorBy.id: passwd 
2026-02-47 12:28:05[TestNG-test-UI Automation Test-3]INFO com.ui.pages.LoginPage Elements Found and Now Enter Text 
2026-02-47 12:28:05[TestNG-test-UI Automation Test-3]INFO com.ui.pages.LoginPage Finding Elements with locatorBy.id: SubmitLogin 
2026-02-47 12:28:05[TestNG-test-UI Automation Test-3]INFO com.ui.pages.LoginPage Elements Found and Now Performing click 
2026-02-47 12:28:05[TestNG-test-UI Automation Test-3]INFO com.ui.pages.MyAccountPage Finding Elements with locatorBy.xpath: //a[@title='View my customer account']/span 
2026-02-47 12:28:05[TestNG-test-UI Automation Test-3]INFO com.ui.pages.MyAccountPage Elements Found and Now returning the visibleAngel John 
2026-02-47 12:28:05[TestNG-test-UI Automation Test-3]WARN com.ui.listeners.TestListener verify_Login_Valid_withExcelDATA__Credentials SKIPPED 
2026-02-47 12:28:06[TestNG-test-UI Automation Test-3]INFO com.ui.tests.LoginTest load the HomePage of website 
2026-02-47 12:28:06[TestNG-test-UI Automation Test-3]INFO com.ui.pages.HomePage Launching Browser for CHROME 
2026-02-47 12:28:07[TestNG-test-UI Automation Test-2]INFO com.ui.listeners.TestListener verify_Login_Valid_withCSVDATA__Credentials 
2026-02-47 12:28:07[TestNG-test-UI Automation Test-2]INFO com.ui.listeners.TestListener verifies with valid user is able to login into the application 
2026-02-47 12:28:07[TestNG-test-UI Automation Test-2]INFO com.ui.listeners.TestListener [e2e, sanity] 
2026-02-47 12:28:07[TestNG-test-UI Automation Test-2]INFO com.ui.pages.HomePage Trying to performimg click to go to Sign in Page 
2026-02-47 12:28:07[TestNG-test-UI Automation Test-2]INFO com.ui.pages.HomePage Finding Elements with locatorBy.linkText: Sign in 
2026-02-47 12:28:07[TestNG-test-UI Automation Test-2]INFO com.ui.pages.HomePage Elements Found and Now Performing click 
2026-02-47 12:28:08[TestNG-test-UI Automation Test-2]INFO com.ui.pages.LoginPage Finding Elements with locatorBy.id: email 
2026-02-47 12:28:08[TestNG-test-UI Automation Test-2]INFO com.ui.pages.LoginPage Elements Found and Now Enter Text 
2026-02-47 12:28:08[TestNG-test-UI Automation Test-1]INFO com.ui.listeners.TestListener verify_Login_Valid_Credentials 
2026-02-47 12:28:08[TestNG-test-UI Automation Test-1]INFO com.ui.listeners.TestListener verifies with valid user is able to login into the application 
2026-02-47 12:28:08[TestNG-test-UI Automation Test-1]INFO com.ui.listeners.TestListener [e2e, sanity] 
2026-02-47 12:28:08[TestNG-test-UI Automation Test-1]INFO com.ui.pages.HomePage Trying to performimg click to go to Sign in Page 
2026-02-47 12:28:08[TestNG-test-UI Automation Test-1]INFO com.ui.pages.HomePage Finding Elements with locatorBy.linkText: Sign in 
2026-02-47 12:28:09[TestNG-test-UI Automation Test-1]INFO com.ui.pages.HomePage Elements Found and Now Performing click 
2026-02-47 12:28:09[TestNG-test-UI Automation Test-2]INFO com.ui.pages.LoginPage Finding Elements with locatorBy.id: passwd 
2026-02-47 12:28:09[TestNG-test-UI Automation Test-3]INFO com.ui.pages.HomePage Visiting the websitehttps://automationpractice.techwithjatin.com/ 
2026-02-47 12:28:09[TestNG-test-UI Automation Test-2]INFO com.ui.pages.LoginPage Elements Found and Now Enter Text 
2026-02-47 12:28:09[TestNG-test-UI Automation Test-2]INFO com.ui.pages.LoginPage Finding Elements with locatorBy.id: SubmitLogin 
2026-02-47 12:28:09[TestNG-test-UI Automation Test-2]INFO com.ui.pages.LoginPage Elements Found and Now Performing click 
2026-02-47 12:28:09[TestNG-test-UI Automation Test-1]INFO com.ui.pages.LoginPage Finding Elements with locatorBy.id: email 
2026-02-47 12:28:09[TestNG-test-UI Automation Test-1]INFO com.ui.pages.LoginPage Elements Found and Now Enter Text 
2026-02-47 12:28:10[TestNG-test-UI Automation Test-2]INFO com.ui.pages.MyAccountPage Finding Elements with locatorBy.xpath: //a[@title='View my customer account']/span 
2026-02-47 12:28:10[TestNG-test-UI Automation Test-1]INFO com.ui.pages.LoginPage Finding Elements with locatorBy.id: passwd 
2026-02-47 12:28:10[TestNG-test-UI Automation Test-2]INFO com.ui.pages.MyAccountPage Elements Found and Now returning the visibleRehan khan 
2026-02-47 12:28:10[TestNG-test-UI Automation Test-1]INFO com.ui.pages.LoginPage Elements Found and Now Enter Text 
2026-02-47 12:28:10[TestNG-test-UI Automation Test-2]INFO com.ui.listeners.TestListener verify_Login_Valid_withCSVDATA__Credentials PASSED 
2026-02-47 12:28:10[TestNG-test-UI Automation Test-1]INFO com.ui.pages.LoginPage Finding Elements with locatorBy.id: SubmitLogin 
2026-02-47 12:28:10[TestNG-test-UI Automation Test-3]INFO com.ui.listeners.TestListener verify_Login_Valid_withExcelDATA__Credentials 
2026-02-47 12:28:10[TestNG-test-UI Automation Test-3]INFO com.ui.listeners.TestListener verifies with valid user is able to login into the application 
2026-02-47 12:28:10[TestNG-test-UI Automation Test-3]INFO com.ui.listeners.TestListener [e2e, sanity] 
2026-02-47 12:28:10[TestNG-test-UI Automation Test-3]INFO com.ui.pages.HomePage Trying to performimg click to go to Sign in Page 
2026-02-47 12:28:10[TestNG-test-UI Automation Test-3]INFO com.ui.pages.HomePage Finding Elements with locatorBy.linkText: Sign in 
2026-02-47 12:28:10[TestNG-test-UI Automation Test-3]INFO com.ui.pages.HomePage Elements Found and Now Performing click 
2026-02-47 12:28:10[TestNG-test-UI Automation Test-1]INFO com.ui.pages.LoginPage Elements Found and Now Performing click 
2026-02-47 12:28:11[TestNG-test-UI Automation Test-2]INFO com.ui.tests.LoginTest load the HomePage of website 
2026-02-47 12:28:11[TestNG-test-UI Automation Test-2]INFO com.ui.pages.HomePage Launching Browser for CHROME 
2026-02-47 12:28:11[TestNG-test-UI Automation Test-3]INFO com.ui.pages.LoginPage Finding Elements with locatorBy.id: email 
2026-02-47 12:28:11[TestNG-test-UI Automation Test-3]INFO com.ui.pages.LoginPage Elements Found and Now Enter Text 
2026-02-47 12:28:11[TestNG-test-UI Automation Test-1]INFO com.ui.pages.MyAccountPage Finding Elements with locatorBy.xpath: //a[@title='View my customer account']/span 
2026-02-47 12:28:11[TestNG-test-UI Automation Test-1]INFO com.ui.pages.MyAccountPage Elements Found and Now returning the visibleRehan khan 
2026-02-47 12:28:11[TestNG-test-UI Automation Test-1]INFO com.ui.listeners.TestListener verify_Login_Valid_Credentials PASSED 
2026-02-47 12:28:11[TestNG-test-UI Automation Test-3]INFO com.ui.pages.LoginPage Finding Elements with locatorBy.id: passwd 
2026-02-47 12:28:11[TestNG-test-UI Automation Test-3]INFO com.ui.pages.LoginPage Elements Found and Now Enter Text 
2026-02-47 12:28:11[TestNG-test-UI Automation Test-3]INFO com.ui.pages.LoginPage Finding Elements with locatorBy.id: SubmitLogin 
2026-02-47 12:28:11[TestNG-test-UI Automation Test-3]INFO com.ui.pages.LoginPage Elements Found and Now Performing click 
2026-02-47 12:28:12[TestNG-test-UI Automation Test-1]INFO com.ui.tests.LoginTest load the HomePage of website 
2026-02-47 12:28:12[TestNG-test-UI Automation Test-1]INFO com.ui.pages.HomePage Launching Browser for CHROME 
2026-02-47 12:28:12[TestNG-test-UI Automation Test-3]INFO com.ui.pages.MyAccountPage Finding Elements with locatorBy.xpath: //a[@title='View my customer account']/span 
2026-02-47 12:28:12[TestNG-test-UI Automation Test-3]INFO com.ui.pages.MyAccountPage Elements Found and Now returning the visibleAngel John 
2026-02-47 12:28:12[TestNG-test-UI Automation Test-3]WARN com.ui.listeners.TestListener verify_Login_Valid_withExcelDATA__Credentials SKIPPED 
2026-02-47 12:28:12[TestNG-test-UI Automation Test-3]INFO com.ui.tests.LoginTest load the HomePage of website 
2026-02-47 12:28:12[TestNG-test-UI Automation Test-3]INFO com.ui.pages.HomePage Launching Browser for CHROME 
2026-02-47 12:28:14[TestNG-test-UI Automation Test-2]INFO com.ui.pages.HomePage Visiting the websitehttps://automationpractice.techwithjatin.com/ 
2026-02-47 12:28:15[TestNG-test-UI Automation Test-1]INFO com.ui.pages.HomePage Visiting the websitehttps://automationpractice.techwithjatin.com/ 
2026-02-47 12:28:16[TestNG-test-UI Automation Test-1]INFO com.ui.listeners.TestListener verify_Login_Valid_Credentials 
2026-02-47 12:28:16[TestNG-test-UI Automation Test-1]INFO com.ui.listeners.TestListener verifies with valid user is able to login into the application 
2026-02-47 12:28:16[TestNG-test-UI Automation Test-1]INFO com.ui.listeners.TestListener [e2e, sanity] 
2026-02-47 12:28:16[TestNG-test-UI Automation Test-1]INFO com.ui.pages.HomePage Trying to performimg click to go to Sign in Page 
2026-02-47 12:28:16[TestNG-test-UI Automation Test-1]INFO com.ui.pages.HomePage Finding Elements with locatorBy.linkText: Sign in 
2026-02-47 12:28:17[TestNG-test-UI Automation Test-3]INFO com.ui.pages.HomePage Visiting the websitehttps://automationpractice.techwithjatin.com/ 
2026-02-47 12:28:18[TestNG-test-UI Automation Test-2]INFO com.ui.listeners.TestListener verify_Login_Valid_withCSVDATA__Credentials 
2026-02-47 12:28:18[TestNG-test-UI Automation Test-2]INFO com.ui.listeners.TestListener verifies with valid user is able to login into the application 
2026-02-47 12:28:18[TestNG-test-UI Automation Test-2]INFO com.ui.listeners.TestListener [e2e, sanity] 
2026-02-47 12:28:18[TestNG-test-UI Automation Test-2]INFO com.ui.pages.HomePage Trying to performimg click to go to Sign in Page 
2026-02-47 12:28:18[TestNG-test-UI Automation Test-2]INFO com.ui.pages.HomePage Finding Elements with locatorBy.linkText: Sign in 
2026-02-47 12:28:18[TestNG-test-UI Automation Test-1]INFO com.ui.pages.HomePage Elements Found and Now Performing click 
2026-02-47 12:28:18[TestNG-test-UI Automation Test-2]INFO com.ui.pages.HomePage Elements Found and Now Performing click 
2026-02-47 12:28:18[TestNG-test-UI Automation Test-2]INFO com.ui.pages.LoginPage Finding Elements with locatorBy.id: email 
2026-02-47 12:28:18[TestNG-test-UI Automation Test-1]INFO com.ui.pages.LoginPage Finding Elements with locatorBy.id: email 
2026-02-47 12:28:18[TestNG-test-UI Automation Test-2]INFO com.ui.pages.LoginPage Elements Found and Now Enter Text 
2026-02-47 12:28:18[TestNG-test-UI Automation Test-1]INFO com.ui.pages.LoginPage Elements Found and Now Enter Text 
2026-02-47 12:28:19[TestNG-test-UI Automation Test-2]INFO com.ui.pages.LoginPage Finding Elements with locatorBy.id: passwd 
2026-02-47 12:28:19[TestNG-test-UI Automation Test-2]INFO com.ui.pages.LoginPage Elements Found and Now Enter Text 
2026-02-47 12:28:19[TestNG-test-UI Automation Test-1]INFO com.ui.pages.LoginPage Finding Elements with locatorBy.id: passwd 
2026-02-47 12:28:19[TestNG-test-UI Automation Test-3]INFO com.ui.listeners.TestListener verify_Login_Valid_withExcelDATA__Credentials 
2026-02-47 12:28:19[TestNG-test-UI Automation Test-1]INFO com.ui.pages.LoginPage Elements Found and Now Enter Text 
2026-02-47 12:28:19[TestNG-test-UI Automation Test-3]INFO com.ui.listeners.TestListener verifies with valid user is able to login into the application 
2026-02-47 12:28:19[TestNG-test-UI Automation Test-3]INFO com.ui.listeners.TestListener [e2e, sanity] 
2026-02-47 12:28:19[TestNG-test-UI Automation Test-3]INFO com.ui.pages.HomePage Trying to performimg click to go to Sign in Page 
2026-02-47 12:28:19[TestNG-test-UI Automation Test-3]INFO com.ui.pages.HomePage Finding Elements with locatorBy.linkText: Sign in 
2026-02-47 12:28:19[TestNG-test-UI Automation Test-3]INFO com.ui.pages.HomePage Elements Found and Now Performing click 
2026-02-47 12:28:19[TestNG-test-UI Automation Test-2]INFO com.ui.pages.LoginPage Finding Elements with locatorBy.id: SubmitLogin 
2026-02-47 12:28:19[TestNG-test-UI Automation Test-2]INFO com.ui.pages.LoginPage Elements Found and Now Performing click 
2026-02-47 12:28:19[TestNG-test-UI Automation Test-1]INFO com.ui.pages.LoginPage Finding Elements with locatorBy.id: SubmitLogin 
2026-02-47 12:28:19[TestNG-test-UI Automation Test-1]INFO com.ui.pages.LoginPage Elements Found and Now Performing click 
2026-02-47 12:28:19[TestNG-test-UI Automation Test-1]INFO com.ui.pages.MyAccountPage Finding Elements with locatorBy.xpath: //a[@title='View my customer account']/span 
2026-02-47 12:28:19[TestNG-test-UI Automation Test-3]INFO com.ui.pages.LoginPage Finding Elements with locatorBy.id: email 
2026-02-47 12:28:19[TestNG-test-UI Automation Test-3]INFO com.ui.pages.LoginPage Elements Found and Now Enter Text 
2026-02-47 12:28:19[TestNG-test-UI Automation Test-2]INFO com.ui.pages.MyAccountPage Finding Elements with locatorBy.xpath: //a[@title='View my customer account']/span 
2026-02-47 12:28:19[TestNG-test-UI Automation Test-2]INFO com.ui.pages.MyAccountPage Elements Found and Now returning the visibleRehan khan 
2026-02-47 12:28:20[TestNG-test-UI Automation Test-2]INFO com.ui.listeners.TestListener verify_Login_Valid_withCSVDATA__Credentials PASSED 
2026-02-47 12:28:20[TestNG-test-UI Automation Test-1]INFO com.ui.pages.MyAccountPage Elements Found and Now returning the visibleRehan khan 
2026-02-47 12:28:20[TestNG-test-UI Automation Test-3]INFO com.ui.pages.LoginPage Finding Elements with locatorBy.id: passwd 
2026-02-47 12:28:20[TestNG-test-UI Automation Test-1]INFO com.ui.listeners.TestListener verify_Login_Valid_Credentials PASSED 
2026-02-47 12:28:20[TestNG-test-UI Automation Test-3]INFO com.ui.pages.LoginPage Elements Found and Now Enter Text 
2026-02-47 12:28:20[TestNG-test-UI Automation Test-3]INFO com.ui.pages.LoginPage Finding Elements with locatorBy.id: SubmitLogin 
2026-02-47 12:28:20[TestNG-test-UI Automation Test-3]INFO com.ui.pages.LoginPage Elements Found and Now Performing click 
2026-02-47 12:28:20[TestNG-test-UI Automation Test-3]INFO com.ui.pages.MyAccountPage Finding Elements with locatorBy.xpath: //a[@title='View my customer account']/span 
2026-02-47 12:28:20[TestNG-test-UI Automation Test-3]WARN com.ui.listeners.TestListener verify_Login_Valid_withExcelDATA__Credentials SKIPPED 
2026-02-47 12:28:20[TestNG-test-UI Automation Test-1]INFO com.ui.tests.LoginTest load the HomePage of website 
2026-02-47 12:28:20[TestNG-test-UI Automation Test-1]INFO com.ui.pages.HomePage Launching Browser for CHROME 
2026-02-47 12:28:21[TestNG-test-UI Automation Test-3]INFO com.ui.tests.LoginTest load the HomePage of website 
2026-02-47 12:28:21[TestNG-test-UI Automation Test-3]INFO com.ui.pages.HomePage Launching Browser for CHROME 
2026-02-47 12:28:25[TestNG-test-UI Automation Test-3]INFO com.ui.pages.HomePage Visiting the websitehttps://automationpractice.techwithjatin.com/ 
2026-02-47 12:28:25[TestNG-test-UI Automation Test-1]INFO com.ui.pages.HomePage Visiting the websitehttps://automationpractice.techwithjatin.com/ 
2026-02-47 12:28:27[TestNG-test-UI Automation Test-1]INFO com.ui.listeners.TestListener verify_Login_Valid_Credentials 
2026-02-47 12:28:27[TestNG-test-UI Automation Test-1]INFO com.ui.listeners.TestListener verifies with valid user is able to login into the application 
2026-02-47 12:28:27[TestNG-test-UI Automation Test-1]INFO com.ui.listeners.TestListener [e2e, sanity] 
2026-02-47 12:28:27[TestNG-test-UI Automation Test-1]INFO com.ui.pages.HomePage Trying to performimg click to go to Sign in Page 
2026-02-47 12:28:27[TestNG-test-UI Automation Test-1]INFO com.ui.pages.HomePage Finding Elements with locatorBy.linkText: Sign in 
2026-02-47 12:28:27[TestNG-test-UI Automation Test-1]INFO com.ui.pages.HomePage Elements Found and Now Performing click 
2026-02-47 12:28:28[TestNG-test-UI Automation Test-1]INFO com.ui.pages.LoginPage Finding Elements with locatorBy.id: email 
2026-02-47 12:28:28[TestNG-test-UI Automation Test-3]INFO com.ui.listeners.TestListener verify_Login_Valid_withExcelDATA__Credentials 
2026-02-47 12:28:28[TestNG-test-UI Automation Test-3]INFO com.ui.listeners.TestListener verifies with valid user is able to login into the application 
2026-02-47 12:28:28[TestNG-test-UI Automation Test-3]INFO com.ui.listeners.TestListener [e2e, sanity] 
2026-02-47 12:28:28[TestNG-test-UI Automation Test-3]INFO com.ui.pages.HomePage Trying to performimg click to go to Sign in Page 
2026-02-47 12:28:28[TestNG-test-UI Automation Test-3]INFO com.ui.pages.HomePage Finding Elements with locatorBy.linkText: Sign in 
2026-02-47 12:28:28[TestNG-test-UI Automation Test-3]INFO com.ui.pages.HomePage Elements Found and Now Performing click 
2026-02-47 12:28:28[TestNG-test-UI Automation Test-1]INFO com.ui.pages.LoginPage Elements Found and Now Enter Text 
2026-02-47 12:28:28[TestNG-test-UI Automation Test-1]INFO com.ui.pages.LoginPage Finding Elements with locatorBy.id: passwd 
2026-02-47 12:28:28[TestNG-test-UI Automation Test-1]INFO com.ui.pages.LoginPage Elements Found and Now Enter Text 
2026-02-47 12:28:28[TestNG-test-UI Automation Test-1]INFO com.ui.pages.LoginPage Finding Elements with locatorBy.id: SubmitLogin 
2026-02-47 12:28:28[TestNG-test-UI Automation Test-3]INFO com.ui.pages.LoginPage Finding Elements with locatorBy.id: email 
2026-02-47 12:28:29[TestNG-test-UI Automation Test-1]INFO com.ui.pages.LoginPage Elements Found and Now Performing click 
2026-02-47 12:28:29[TestNG-test-UI Automation Test-3]INFO com.ui.pages.LoginPage Elements Found and Now Enter Text 
2026-02-47 12:28:29[TestNG-test-UI Automation Test-3]INFO com.ui.pages.LoginPage Finding Elements with locatorBy.id: passwd 
2026-02-47 12:28:29[TestNG-test-UI Automation Test-3]INFO com.ui.pages.LoginPage Elements Found and Now Enter Text 
2026-02-47 12:28:29[TestNG-test-UI Automation Test-3]INFO com.ui.pages.LoginPage Finding Elements with locatorBy.id: SubmitLogin 
2026-02-47 12:28:29[TestNG-test-UI Automation Test-3]INFO com.ui.pages.LoginPage Elements Found and Now Performing click 
2026-02-47 12:28:29[TestNG-test-UI Automation Test-1]INFO com.ui.pages.MyAccountPage Finding Elements with locatorBy.xpath: //a[@title='View my customer account']/span 
2026-02-47 12:28:29[TestNG-test-UI Automation Test-1]INFO com.ui.pages.MyAccountPage Elements Found and Now returning the visibleRehan khan 
2026-02-47 12:28:29[TestNG-test-UI Automation Test-1]INFO com.ui.listeners.TestListener verify_Login_Valid_Credentials PASSED 
2026-02-47 12:28:29[TestNG-test-UI Automation Test-3]INFO com.ui.pages.MyAccountPage Finding Elements with locatorBy.xpath: //a[@title='View my customer account']/span 
2026-02-47 12:28:30[TestNG-test-UI Automation Test-3]INFO com.ui.pages.MyAccountPage Elements Found and Now returning the visibleAngel John 
2026-02-47 12:28:30[TestNG-test-UI Automation Test-3]ERROR com.ui.listeners.TestListener verify_Login_Valid_withExcelDATA__Credentials FAILED 
2026-02-47 12:28:30[TestNG-test-UI Automation Test-3]ERROR com.ui.listeners.TestListener java.lang.AssertionError: expected [Angel John1] but found [Angel John] 
2026-02-47 12:28:30[TestNG-test-UI Automation Test-3]INFO com.ui.listeners.TestListener Capturing Screenshot for failed testCase 
2026-02-47 12:28:30[TestNG-test-UI Automation Test-3]INFO com.ui.listeners.TestListener Attaching the Screenshot to the HTML file 
2026-02-47 12:28:30[main]INFO com.ui.listeners.TestListener Test Suit Started 
