2026-02-55 12:56:10[main]INFO com.ui.listeners.TestListener Test Suit Started 
2026-02-55 12:56:12[TestNG-test-UI Automation Test-2]INFO com.ui.tests.LoginTest load the HomePage of website 
2026-02-55 12:56:12[TestNG-test-UI Automation Test-2]INFO com.ui.pages.HomePage Launching Browser for CHROME 
2026-02-55 12:56:12[TestNG-test-UI Automation Test-1]INFO com.ui.tests.LoginTest load the HomePage of website 
2026-02-55 12:56:12[TestNG-test-UI Automation Test-1]INFO com.ui.pages.HomePage Launching Browser for CHROME 
2026-02-55 12:56:14[TestNG-test-UI Automation Test-3]INFO com.ui.tests.LoginTest load the HomePage of website 
2026-02-55 12:56:14[TestNG-test-UI Automation Test-3]INFO com.ui.pages.HomePage Launching Browser for CHROME 
2026-02-55 12:56:24[TestNG-test-UI Automation Test-2]INFO com.ui.pages.HomePage Visiting the websitehttps://automationpractice.techwithjatin.com/ 
2026-02-55 12:56:24[TestNG-test-UI Automation Test-1]INFO com.ui.pages.HomePage Visiting the websitehttps://automationpractice.techwithjatin.com/ 
2026-02-55 12:56:24[TestNG-test-UI Automation Test-3]INFO com.ui.pages.HomePage Visiting the websitehttps://automationpractice.techwithjatin.com/ 
2026-02-55 12:56:26[TestNG-test-UI Automation Test-3]INFO com.ui.listeners.TestListener verify_Login_Valid_withExcelDATA__Credentials 
2026-02-55 12:56:26[TestNG-test-UI Automation Test-3]INFO com.ui.listeners.TestListener verifies with valid user is able to login into the application 
2026-02-55 12:56:26[TestNG-test-UI Automation Test-3]INFO com.ui.listeners.TestListener [e2e, sanity] 
2026-02-55 12:56:26[TestNG-test-UI Automation Test-1]INFO com.ui.listeners.TestListener verify_Login_Valid_Credentials 
2026-02-55 12:56:26[TestNG-test-UI Automation Test-1]INFO com.ui.listeners.TestListener verifies with valid user is able to login into the application 
2026-02-55 12:56:26[TestNG-test-UI Automation Test-1]INFO com.ui.listeners.TestListener [e2e, sanity] 
2026-02-55 12:56:26[TestNG-test-UI Automation Test-3]INFO com.ui.pages.HomePage Trying to performimg click to go to Sign in Page 
2026-02-55 12:56:26[TestNG-test-UI Automation Test-3]INFO com.ui.pages.HomePage Finding Elements with locatorBy.linkText: Sign in 
2026-02-55 12:56:26[TestNG-test-UI Automation Test-1]INFO com.ui.pages.HomePage Trying to performimg click to go to Sign in Page 
2026-02-55 12:56:26[TestNG-test-UI Automation Test-1]INFO com.ui.pages.HomePage Finding Elements with locatorBy.linkText: Sign in 
2026-02-55 12:56:27[TestNG-test-UI Automation Test-2]INFO com.ui.listeners.TestListener verify_Login_Valid_withCSVDATA__Credentials 
2026-02-55 12:56:27[TestNG-test-UI Automation Test-2]INFO com.ui.listeners.TestListener verifies with valid user is able to login into the application 
2026-02-55 12:56:27[TestNG-test-UI Automation Test-2]INFO com.ui.listeners.TestListener [e2e, sanity] 
2026-02-55 12:56:27[TestNG-test-UI Automation Test-2]INFO com.ui.pages.HomePage Trying to performimg click to go to Sign in Page 
2026-02-55 12:56:27[TestNG-test-UI Automation Test-2]INFO com.ui.pages.HomePage Finding Elements with locatorBy.linkText: Sign in 
2026-02-55 12:56:27[TestNG-test-UI Automation Test-2]INFO com.ui.pages.HomePage Elements Found and Now Performing click 
2026-02-55 12:56:27[TestNG-test-UI Automation Test-3]INFO com.ui.pages.HomePage Elements Found and Now Performing click 
2026-02-55 12:56:27[TestNG-test-UI Automation Test-1]INFO com.ui.pages.HomePage Elements Found and Now Performing click 
2026-02-55 12:56:28[TestNG-test-UI Automation Test-2]INFO com.ui.pages.LoginPage Finding Elements with locatorBy.id: email 
2026-02-55 12:56:28[TestNG-test-UI Automation Test-3]INFO com.ui.pages.LoginPage Finding Elements with locatorBy.id: email 
2026-02-55 12:56:28[TestNG-test-UI Automation Test-1]ERROR com.ui.listeners.TestListener verify_Login_Valid_Credentials FAILED 
2026-02-55 12:56:28[TestNG-test-UI Automation Test-1]ERROR com.ui.listeners.TestListener org.openqa.selenium.StaleElementReferenceException: stale element reference: stale element not found
  (Session info: chrome=145.0.7632.77)
For documentation on this error, please visit: https://www.selenium.dev/documentation/webdriver/troubleshooting/errors#staleelementreferenceexception
Build info: version: '4.40.0', revision: 'b3333f1'
System info: os.name: 'Windows 11', os.arch: 'amd64', os.version: '10.0', java.version: '17.0.18'
Driver info: org.openqa.selenium.chrome.ChromeDriver
Command: [84716656d6765f2d8f35c14d7ce5cd77, clickElement {id=f.8C12838E6C8BD566DE080672266E9320.d.18EE0571CE1EEFB66328F0CF65EBED56.e.18}]
Capabilities {acceptInsecureCerts: false, browserName: chrome, browserVersion: 145.0.7632.77, chrome: {chromedriverVersion: 145.0.7632.117 (de4e5d6e13b..., userDataDir: C:\Users\Admin\AppData\Loca...}, fedcm:accounts: true, goog:chromeOptions: {debuggerAddress: localhost:54693}, goog:processID: 37164, networkConnectionEnabled: false, pageLoadStrategy: normal, platformName: windows, proxy: Proxy(), se:cdp: ws://localhost:54693/devtoo..., se:cdpVersion: 145.0.7632.77, setWindowRect: true, strictFileInteractability: false, timeouts: {implicit: 0, pageLoad: 300000, script: 30000}, unhandledPromptBehavior: dismiss and notify, webauthn:extension:credBlob: true, webauthn:extension:largeBlob: true, webauthn:extension:minPinLength: true, webauthn:extension:prf: true, webauthn:virtualAuthenticators: true}
Element: [[ChromeDriver: chrome on windows (84716656d6765f2d8f35c14d7ce5cd77)] -> link text: Sign in]
Session ID: 84716656d6765f2d8f35c14d7ce5cd77 
2026-02-55 12:56:28[TestNG-test-UI Automation Test-2]INFO com.ui.pages.LoginPage Elements Found and Now Enter Text 
2026-02-55 12:56:28[TestNG-test-UI Automation Test-1]INFO com.ui.listeners.TestListener Capturing Screenshot for failed testCase 
2026-02-55 12:56:28[TestNG-test-UI Automation Test-3]INFO com.ui.pages.LoginPage Elements Found and Now Enter Text 
2026-02-55 12:56:28[TestNG-test-UI Automation Test-2]INFO com.ui.pages.LoginPage Finding Elements with locatorBy.id: passwd 
2026-02-55 12:56:28[TestNG-test-UI Automation Test-3]INFO com.ui.pages.LoginPage Finding Elements with locatorBy.id: passwd 
2026-02-55 12:56:28[TestNG-test-UI Automation Test-2]INFO com.ui.pages.LoginPage Elements Found and Now Enter Text 
2026-02-55 12:56:28[TestNG-test-UI Automation Test-3]INFO com.ui.pages.LoginPage Elements Found and Now Enter Text 
2026-02-55 12:56:28[TestNG-test-UI Automation Test-2]INFO com.ui.pages.LoginPage Finding Elements with locatorBy.id: SubmitLogin 
2026-02-55 12:56:29[TestNG-test-UI Automation Test-3]INFO com.ui.pages.LoginPage Finding Elements with locatorBy.id: SubmitLogin 
2026-02-55 12:56:29[TestNG-test-UI Automation Test-2]INFO com.ui.pages.LoginPage Elements Found and Now Performing click 
2026-02-55 12:56:29[TestNG-test-UI Automation Test-3]INFO com.ui.pages.LoginPage Elements Found and Now Performing click 
2026-02-55 12:56:29[TestNG-test-UI Automation Test-1]INFO com.ui.listeners.TestListener Attaching the Screenshot to the HTML file 
2026-02-55 12:56:29[TestNG-test-UI Automation Test-2]INFO com.ui.pages.MyAccountPage Finding Elements with locator:By.xpath: //a[@title='View my customer account']/span 
2026-02-55 12:56:29[TestNG-test-UI Automation Test-3]INFO com.ui.pages.MyAccountPage Finding Elements with locator:By.xpath: //a[@title='View my customer account']/span 
2026-02-55 12:56:30[TestNG-test-UI Automation Test-2]INFO com.ui.pages.MyAccountPage Elements Found and Now returning the visible:By.xpath: //a[@title='View my customer account']/span 
2026-02-55 12:56:30[TestNG-test-UI Automation Test-3]INFO com.ui.pages.MyAccountPage Elements Found and Now returning the visible:By.xpath: //a[@title='View my customer account']/span 
2026-02-55 12:56:30[TestNG-test-UI Automation Test-2]INFO com.ui.listeners.TestListener verify_Login_Valid_withCSVDATA__Credentials PASSED 
2026-02-55 12:56:30[TestNG-test-UI Automation Test-3]INFO com.ui.listeners.TestListener verify_Login_Valid_withExcelDATA__Credentials PASSED 
2026-02-55 12:56:30[TestNG-test-UI Automation Test-1]INFO com.ui.tests.LoginTest load the HomePage of website 
2026-02-55 12:56:30[TestNG-test-UI Automation Test-1]INFO com.ui.pages.HomePage Launching Browser for CHROME 
2026-02-55 12:56:30[TestNG-test-UI Automation Test-2]INFO com.ui.tests.LoginTest load the HomePage of website 
2026-02-55 12:56:30[TestNG-test-UI Automation Test-2]INFO com.ui.pages.HomePage Launching Browser for CHROME 
2026-02-55 12:56:32[TestNG-test-UI Automation Test-1]INFO com.ui.pages.HomePage Visiting the websitehttps://automationpractice.techwithjatin.com/ 
2026-02-55 12:56:32[TestNG-test-UI Automation Test-2]INFO com.ui.pages.HomePage Visiting the websitehttps://automationpractice.techwithjatin.com/ 
2026-02-55 12:56:34[TestNG-test-UI Automation Test-2]INFO com.ui.listeners.TestListener verify_Login_Valid_withCSVDATA__Credentials 
2026-02-55 12:56:34[TestNG-test-UI Automation Test-2]INFO com.ui.listeners.TestListener verifies with valid user is able to login into the application 
2026-02-55 12:56:34[TestNG-test-UI Automation Test-2]INFO com.ui.listeners.TestListener [e2e, sanity] 
2026-02-55 12:56:34[TestNG-test-UI Automation Test-2]INFO com.ui.pages.HomePage Trying to performimg click to go to Sign in Page 
2026-02-55 12:56:34[TestNG-test-UI Automation Test-2]INFO com.ui.pages.HomePage Finding Elements with locatorBy.linkText: Sign in 
2026-02-55 12:56:34[TestNG-test-UI Automation Test-1]INFO com.ui.listeners.TestListener verify_Login_Valid_Credentials 
2026-02-55 12:56:34[TestNG-test-UI Automation Test-1]INFO com.ui.listeners.TestListener verifies with valid user is able to login into the application 
2026-02-55 12:56:34[TestNG-test-UI Automation Test-1]INFO com.ui.listeners.TestListener [e2e, sanity] 
2026-02-55 12:56:34[TestNG-test-UI Automation Test-1]INFO com.ui.pages.HomePage Trying to performimg click to go to Sign in Page 
2026-02-55 12:56:34[TestNG-test-UI Automation Test-1]INFO com.ui.pages.HomePage Finding Elements with locatorBy.linkText: Sign in 
2026-02-55 12:56:34[TestNG-test-UI Automation Test-2]INFO com.ui.pages.HomePage Elements Found and Now Performing click 
2026-02-55 12:56:34[TestNG-test-UI Automation Test-1]INFO com.ui.pages.HomePage Elements Found and Now Performing click 
2026-02-55 12:56:35[TestNG-test-UI Automation Test-2]INFO com.ui.pages.LoginPage Finding Elements with locatorBy.id: email 
2026-02-55 12:56:35[TestNG-test-UI Automation Test-1]INFO com.ui.pages.LoginPage Finding Elements with locatorBy.id: email 
2026-02-55 12:56:35[TestNG-test-UI Automation Test-2]INFO com.ui.pages.LoginPage Elements Found and Now Enter Text 
2026-02-55 12:56:36[TestNG-test-UI Automation Test-1]INFO com.ui.pages.LoginPage Elements Found and Now Enter Text 
2026-02-55 12:56:36[TestNG-test-UI Automation Test-2]INFO com.ui.pages.LoginPage Finding Elements with locatorBy.id: passwd 
2026-02-55 12:56:36[TestNG-test-UI Automation Test-1]INFO com.ui.pages.LoginPage Finding Elements with locatorBy.id: passwd 
2026-02-55 12:56:36[TestNG-test-UI Automation Test-2]INFO com.ui.pages.LoginPage Elements Found and Now Enter Text 
2026-02-55 12:56:36[TestNG-test-UI Automation Test-1]INFO com.ui.pages.LoginPage Elements Found and Now Enter Text 
2026-02-55 12:56:36[TestNG-test-UI Automation Test-2]INFO com.ui.pages.LoginPage Finding Elements with locatorBy.id: SubmitLogin 
2026-02-55 12:56:36[TestNG-test-UI Automation Test-1]INFO com.ui.pages.LoginPage Finding Elements with locatorBy.id: SubmitLogin 
2026-02-55 12:56:36[TestNG-test-UI Automation Test-2]INFO com.ui.pages.LoginPage Elements Found and Now Performing click 
2026-02-55 12:56:36[TestNG-test-UI Automation Test-1]INFO com.ui.pages.LoginPage Elements Found and Now Performing click 
2026-02-55 12:56:37[TestNG-test-UI Automation Test-2]INFO com.ui.pages.MyAccountPage Finding Elements with locator:By.xpath: //a[@title='View my customer account']/span 
2026-02-55 12:56:37[TestNG-test-UI Automation Test-1]INFO com.ui.pages.MyAccountPage Finding Elements with locator:By.xpath: //a[@title='View my customer account']/span 
2026-02-55 12:56:37[TestNG-test-UI Automation Test-2]INFO com.ui.pages.MyAccountPage Elements Found and Now returning the visible:By.xpath: //a[@title='View my customer account']/span 
2026-02-55 12:56:37[TestNG-test-UI Automation Test-2]INFO com.ui.listeners.TestListener verify_Login_Valid_withCSVDATA__Credentials PASSED 
2026-02-55 12:56:37[TestNG-test-UI Automation Test-1]INFO com.ui.pages.MyAccountPage Elements Found and Now returning the visible:By.xpath: //a[@title='View my customer account']/span 
2026-02-55 12:56:37[TestNG-test-UI Automation Test-1]INFO com.ui.listeners.TestListener verify_Login_Valid_Credentials PASSED 
2026-02-55 12:56:38[TestNG-test-UI Automation Test-1]INFO com.ui.tests.LoginTest load the HomePage of website 
2026-02-55 12:56:38[TestNG-test-UI Automation Test-1]INFO com.ui.pages.HomePage Launching Browser for CHROME 
2026-02-55 12:56:39[TestNG-test-UI Automation Test-1]INFO com.ui.pages.HomePage Visiting the websitehttps://automationpractice.techwithjatin.com/ 
2026-02-55 12:56:40[TestNG-test-UI Automation Test-1]INFO com.ui.listeners.TestListener verify_Login_Valid_Credentials 
2026-02-55 12:56:40[TestNG-test-UI Automation Test-1]INFO com.ui.listeners.TestListener verifies with valid user is able to login into the application 
2026-02-55 12:56:40[TestNG-test-UI Automation Test-1]INFO com.ui.listeners.TestListener [e2e, sanity] 
2026-02-55 12:56:40[TestNG-test-UI Automation Test-1]INFO com.ui.pages.HomePage Trying to performimg click to go to Sign in Page 
2026-02-55 12:56:40[TestNG-test-UI Automation Test-1]INFO com.ui.pages.HomePage Finding Elements with locatorBy.linkText: Sign in 
2026-02-55 12:56:40[TestNG-test-UI Automation Test-1]INFO com.ui.pages.HomePage Elements Found and Now Performing click 
2026-02-55 12:56:40[TestNG-test-UI Automation Test-1]INFO com.ui.pages.LoginPage Finding Elements with locatorBy.id: email 
2026-02-55 12:56:41[TestNG-test-UI Automation Test-1]INFO com.ui.pages.LoginPage Elements Found and Now Enter Text 
2026-02-55 12:56:41[TestNG-test-UI Automation Test-1]INFO com.ui.pages.LoginPage Finding Elements with locatorBy.id: passwd 
2026-02-55 12:56:41[TestNG-test-UI Automation Test-1]INFO com.ui.pages.LoginPage Elements Found and Now Enter Text 
2026-02-55 12:56:41[TestNG-test-UI Automation Test-1]INFO com.ui.pages.LoginPage Finding Elements with locatorBy.id: SubmitLogin 
2026-02-55 12:56:41[TestNG-test-UI Automation Test-1]INFO com.ui.pages.LoginPage Elements Found and Now Performing click 
2026-02-55 12:56:42[TestNG-test-UI Automation Test-1]INFO com.ui.pages.MyAccountPage Finding Elements with locator:By.xpath: //a[@title='View my customer account']/span 
2026-02-55 12:56:42[TestNG-test-UI Automation Test-1]INFO com.ui.pages.MyAccountPage Elements Found and Now returning the visible:By.xpath: //a[@title='View my customer account']/span 
2026-02-55 12:56:42[TestNG-test-UI Automation Test-1]INFO com.ui.listeners.TestListener verify_Login_Valid_Credentials PASSED 
2026-02-55 12:56:42[main]INFO com.ui.listeners.TestListener Test Suit Started 
