<!DOCTYPE html>

<html>
  <head>
  <meta charset='utf-8'>
  <title>TestNG reports</title>

    <link type="text/css" href="testng-reports1.css" rel="stylesheet" id="ultra" />
    <link type="text/css" href="testng-reports.css" rel="stylesheet" id="retro" disabled="false"/>
    <script type="text/javascript" src="jquery-3.6.0.min.js"></script>
    <script type="text/javascript" src="testng-reports.js"></script>
    <script type="text/javascript" src="https://www.google.com/jsapi"></script>
    <script type='text/javascript'>
      google.load('visualization', '1', {packages:['table']});
      google.setOnLoadCallback(drawTable);
      var suiteTableInitFunctions = new Array();
      var suiteTableData = new Array();
    </script>
    <!--
      <script type="text/javascript" src="jquery-ui/js/jquery-ui-1.8.16.custom.min.js"></script>
     -->
  </head>

  <body>    <div class="top-banner-root">
      <span class="top-banner-title-font">Test results</span>
      <button id="button" class="button">Switch Retro Theme</button> <!-- button -->
      <br/>
      <span class="top-banner-font-1">1 suite, 1 failed test</span>
    </div> <!-- top-banner-root -->
    <div class="navigator-root">
      <div class="navigator-suite-header">
        <span>All suites</span>
        <a href="#" title="Collapse/expand all the suites" class="collapse-all-link">
          <img src="collapseall.gif" class="collapse-all-icon">
          </img> <!-- collapse-all-icon -->
        </a> <!-- collapse-all-link -->
      </div> <!-- navigator-suite-header -->
      <div class="suite">
        <div class="rounded-window">
          <div class="suite-header light-rounded-window-top">
            <a href="#" panel-name="suite-Automation_Practice_Test_Suit" class="navigator-link">
              <span class="suite-name border-failed">Automation Practice Test Suit</span>
            </a> <!-- navigator-link -->
          </div> <!-- suite-header light-rounded-window-top -->
          <div class="navigator-suite-content">
            <div class="suite-section-title">
              <span>Info</span>
            </div> <!-- suite-section-title -->
            <div class="suite-section-content">
              <ul>
                <li>
                  <a href="#" panel-name="test-xml-Automation_Practice_Test_Suit" class="navigator-link ">
                    <span>C:\ShopingWebSiteProject\ShoppingWebsite-Automation-Framework\testng.xml</span>
                  </a> <!-- navigator-link  -->
                </li>
                <li>
                  <a href="#" panel-name="testlist-Automation_Practice_Test_Suit" class="navigator-link ">
                    <span class="test-stats">1 test</span>
                  </a> <!-- navigator-link  -->
                </li>
                <li>
                  <a href="#" panel-name="group-Automation_Practice_Test_Suit" class="navigator-link ">
                    <span>2 groups</span>
                  </a> <!-- navigator-link  -->
                </li>
                <li>
                  <a href="#" panel-name="times-Automation_Practice_Test_Suit" class="navigator-link ">
                    <span>Times</span>
                  </a> <!-- navigator-link  -->
                </li>
                <li>
                  <a href="#" panel-name="reporter-Automation_Practice_Test_Suit" class="navigator-link ">
                    <span>Reporter output</span>
                  </a> <!-- navigator-link  -->
                </li>
                <li>
                  <a href="#" panel-name="ignored-methods-Automation_Practice_Test_Suit" class="navigator-link ">
                    <span>Ignored methods</span>
                  </a> <!-- navigator-link  -->
                </li>
                <li>
                  <a href="#" panel-name="chronological-Automation_Practice_Test_Suit" class="navigator-link ">
                    <span>Chronological view</span>
                  </a> <!-- navigator-link  -->
                </li>
              </ul>
            </div> <!-- suite-section-content -->
            <div class="result-section">
              <div class="suite-section-title">
                <span>Results</span>
              </div> <!-- suite-section-title -->
              <div class="suite-section-content">
                <ul>
                  <li>
                    <span class="method-stats">9 methods, 1 failed,  3 skipped,  5 passed</span>
                  </li>
                  <li>
                    <span class="method-list-title failed">Failed methods</span>
                    <span class="show-or-hide-methods failed">
                      <a href="#" panel-name="suite-Automation_Practice_Test_Suit" class="hide-methods failed suite-Automation_Practice_Test_Suit"> (hide)</a> <!-- hide-methods failed suite-Automation_Practice_Test_Suit -->
                      <a href="#" panel-name="suite-Automation_Practice_Test_Suit" class="show-methods failed suite-Automation_Practice_Test_Suit"> (show)</a> <!-- show-methods failed suite-Automation_Practice_Test_Suit -->
                    </span>
                    <div class="method-list-content failed suite-Automation_Practice_Test_Suit">
                      <span>
                        <img src="failed.png" width="3%"/>
                        <a href="#" panel-name="suite-Automation_Practice_Test_Suit" title="com.ui.tests.LoginTest" class="method navigator-link" hash-for-method="verify_Login_Valid_withExcelDATA__Credentials(User [emailAddress=angelatucker13287@suffermail.com, password=password])">verify_Login_Valid_withExcelDATA__Credentials(User [emailAddress=angelatucker13287@suffermail.com, password=password])</a> <!-- method navigator-link -->
                      </span>
                      <br/>
                    </div> <!-- method-list-content failed suite-Automation_Practice_Test_Suit -->
                  </li>
                  <li>
                    <span class="method-list-title skipped">Retried methods</span>
                    <span class="show-or-hide-methods skipped">
                      <a href="#" panel-name="suite-Automation_Practice_Test_Suit" class="hide-methods skipped suite-Automation_Practice_Test_Suit"> (hide)</a> <!-- hide-methods skipped suite-Automation_Practice_Test_Suit -->
                      <a href="#" panel-name="suite-Automation_Practice_Test_Suit" class="show-methods skipped suite-Automation_Practice_Test_Suit"> (show)</a> <!-- show-methods skipped suite-Automation_Practice_Test_Suit -->
                    </span>
                    <div class="method-list-content skipped suite-Automation_Practice_Test_Suit">
                      <span>
                        <img src="skipped.png" width="3%"/>
                        <a href="#" panel-name="suite-Automation_Practice_Test_Suit" title="com.ui.tests.LoginTest" class="method navigator-link" hash-for-method="verify_Login_Valid_withExcelDATA__Credentials(User [emailAddress=angelatucker13287@suffermail.com, password=password])">verify_Login_Valid_withExcelDATA__Credentials(User [emailAddress=angelatucker13287@suffermail.com, password=password])</a> <!-- method navigator-link -->
                      </span>
                      <br/>
                      <span>
                        <img src="skipped.png" width="3%"/>
                        <a href="#" panel-name="suite-Automation_Practice_Test_Suit" title="com.ui.tests.LoginTest" class="method navigator-link" hash-for-method="verify_Login_Valid_withExcelDATA__Credentials(User [emailAddress=angelatucker13287@suffermail.com, password=password])">verify_Login_Valid_withExcelDATA__Credentials(User [emailAddress=angelatucker13287@suffermail.com, password=password])</a> <!-- method navigator-link -->
                      </span>
                      <br/>
                      <span>
                        <img src="skipped.png" width="3%"/>
                        <a href="#" panel-name="suite-Automation_Practice_Test_Suit" title="com.ui.tests.LoginTest" class="method navigator-link" hash-for-method="verify_Login_Valid_withExcelDATA__Credentials(User [emailAddress=angelatucker13287@suffermail.com, password=password])">verify_Login_Valid_withExcelDATA__Credentials(User [emailAddress=angelatucker13287@suffermail.com, password=password])</a> <!-- method navigator-link -->
                      </span>
                      <br/>
                    </div> <!-- method-list-content skipped suite-Automation_Practice_Test_Suit -->
                  </li>
                  <li>
                    <span class="method-list-title passed">Passed methods</span>
                    <span class="show-or-hide-methods passed">
                      <a href="#" panel-name="suite-Automation_Practice_Test_Suit" class="hide-methods passed suite-Automation_Practice_Test_Suit"> (hide)</a> <!-- hide-methods passed suite-Automation_Practice_Test_Suit -->
                      <a href="#" panel-name="suite-Automation_Practice_Test_Suit" class="show-methods passed suite-Automation_Practice_Test_Suit"> (show)</a> <!-- show-methods passed suite-Automation_Practice_Test_Suit -->
                    </span>
                    <div class="method-list-content passed suite-Automation_Practice_Test_Suit">
                      <span>
                        <img src="passed.png" width="3%"/>
                        <a href="#" panel-name="suite-Automation_Practice_Test_Suit" title="com.ui.tests.LoginTest" class="method navigator-link" hash-for-method="verify_Login_Valid_Credentials(User [emailAddress=rehankhan56390@gmail.com, password=12345])">verify_Login_Valid_Credentials(User [emailAddress=rehankhan56390@gmail.com, password=12345])</a> <!-- method navigator-link -->
                      </span>
                      <br/>
                      <span>
                        <img src="passed.png" width="3%"/>
                        <a href="#" panel-name="suite-Automation_Practice_Test_Suit" title="com.ui.tests.LoginTest" class="method navigator-link" hash-for-method="verify_Login_Valid_Credentials(User [emailAddress=rehankhan56390@gmail.com, password=12345])">verify_Login_Valid_Credentials(User [emailAddress=rehankhan56390@gmail.com, password=12345])</a> <!-- method navigator-link -->
                      </span>
                      <br/>
                      <span>
                        <img src="passed.png" width="3%"/>
                        <a href="#" panel-name="suite-Automation_Practice_Test_Suit" title="com.ui.tests.LoginTest" class="method navigator-link" hash-for-method="verify_Login_Valid_Credentials(User [emailAddress=rehankhan56390@gmail.com, password=12345])">verify_Login_Valid_Credentials(User [emailAddress=rehankhan56390@gmail.com, password=12345])</a> <!-- method navigator-link -->
                      </span>
                      <br/>
                      <span>
                        <img src="passed.png" width="3%"/>
                        <a href="#" panel-name="suite-Automation_Practice_Test_Suit" title="com.ui.tests.LoginTest" class="method navigator-link" hash-for-method="verify_Login_Valid_withCSVDATA__Credentials(User [emailAddress=rehankhan56390@gmail.com, password=12345])">verify_Login_Valid_withCSVDATA__Credentials(User [emailAddress=rehankhan56390@gmail.com, password=12345])</a> <!-- method navigator-link -->
                      </span>
                      <br/>
                      <span>
                        <img src="passed.png" width="3%"/>
                        <a href="#" panel-name="suite-Automation_Practice_Test_Suit" title="com.ui.tests.LoginTest" class="method navigator-link" hash-for-method="verify_Login_Valid_withCSVDATA__Credentials(User [emailAddress=rehankhan56390@gmail.com, password=12345])">verify_Login_Valid_withCSVDATA__Credentials(User [emailAddress=rehankhan56390@gmail.com, password=12345])</a> <!-- method navigator-link -->
                      </span>
                      <br/>
                    </div> <!-- method-list-content passed suite-Automation_Practice_Test_Suit -->
                  </li>
                </ul>
              </div> <!-- suite-section-content -->
            </div> <!-- result-section -->
          </div> <!-- navigator-suite-content -->
        </div> <!-- rounded-window -->
      </div> <!-- suite -->
    </div> <!-- navigator-root -->
    <div class="wrapper">
      <div class="main-panel-root">
        <div panel-name="suite-Automation_Practice_Test_Suit" class="panel Automation_Practice_Test_Suit">
          <div class="suite-Automation_Practice_Test_Suit-class-failed">
            <div class="main-panel-header rounded-window-top">
              <img src="failed.png"/>
              <span class="class-name">com.ui.tests.LoginTest</span>
            </div> <!-- main-panel-header rounded-window-top -->
            <div class="main-panel-content rounded-window-bottom">
              <div class="method">
                <div class="method-content">
                  <a name="verify_Login_Valid_withExcelDATA__Credentials(User [emailAddress=angelatucker13287@suffermail.com, password=password])">
                  </a> <!-- verify_Login_Valid_withExcelDATA__Credentials(User [emailAddress=angelatucker13287@suffermail.com, password=password]) -->
                  <span class="method-name">verify_Login_Valid_withExcelDATA__Credentials</span>
                  <span class="parameters">(User [emailAddress=angelatucker13287@suffermail.com, password=password])</span>
                  <div class="stack-trace">java.lang.AssertionError: expected [Angel John1] but found [Angel John]
	at com.ui.tests.LoginTest.verify_Login_Valid_withExcelDATA__Credentials(LoginTest.java:51)
	at java.base/java.util.concurrent.Executors$RunnableAdapter.call(Executors.java:572)
	at java.base/java.util.concurrent.FutureTask.run(FutureTask.java:317)
	at java.base/java.util.concurrent.ThreadPoolExecutor.runWorker(ThreadPoolExecutor.java:1144)
	at java.base/java.util.concurrent.ThreadPoolExecutor$Worker.run(ThreadPoolExecutor.java:642)
	at java.base/java.lang.Thread.run(Thread.java:1583)
... Removed 17 stack frames
</div> <!-- stack-trace -->
                  <em>
(verifies with valid user is able to login into the application)                  </em>
                </div> <!-- method-content -->
              </div> <!-- method -->
            </div> <!-- main-panel-content rounded-window-bottom -->
          </div> <!-- suite-Automation_Practice_Test_Suit-class-failed -->
          <div class="suite-Automation_Practice_Test_Suit-class-skipped">
            <div class="main-panel-header rounded-window-top">
              <img src="skipped.png"/>
              <span class="class-name">com.ui.tests.LoginTest</span>
            </div> <!-- main-panel-header rounded-window-top -->
            <div class="main-panel-content rounded-window-bottom">
              <div class="method">
                <div class="method-content">
                  <a name="verify_Login_Valid_withExcelDATA__Credentials(User [emailAddress=angelatucker13287@suffermail.com, password=password])">
                  </a> <!-- verify_Login_Valid_withExcelDATA__Credentials(User [emailAddress=angelatucker13287@suffermail.com, password=password]) -->
                  <span class="method-name">verify_Login_Valid_withExcelDATA__Credentials</span>
                  <span class="parameters">(User [emailAddress=angelatucker13287@suffermail.com, password=password])</span>
                  <div class="stack-trace">org.openqa.selenium.NoSuchElementException: no such element: Unable to locate element: {&quot;method&quot;:&quot;xpath&quot;,&quot;selector&quot;:&quot;//a[@title=&apos;View my customer account&apos;]/span&quot;}
  (Session info: chrome=145.0.7632.46)
For documentation on this error, please visit: https://www.selenium.dev/documentation/webdriver/troubleshooting/errors#nosuchelementexception
Build info: version: &apos;4.40.0&apos;, revision: &apos;b3333f1&apos;
System info: os.name: &apos;Windows 11&apos;, os.arch: &apos;amd64&apos;, os.version: &apos;10.0&apos;, java.version: &apos;21.0.9&apos;
Driver info: org.openqa.selenium.chrome.ChromeDriver
Command: [1215db637249c2ae11af7feb84be5a64, findElement {using=xpath, value=//a[@title=&apos;View my customer account&apos;]/span}]
Capabilities {acceptInsecureCerts: false, browserName: chrome, browserVersion: 145.0.7632.46, chrome: {chromedriverVersion: 145.0.7632.76 (ee36f024f43a..., userDataDir: C:\Users\GAHASSAN\AppData\L...}, fedcm:accounts: true, goog:chromeOptions: {debuggerAddress: localhost:59431}, goog:processID: 16752, networkConnectionEnabled: false, pageLoadStrategy: normal, platformName: windows, proxy: Proxy(), se:cdp: ws://localhost:59431/devtoo..., se:cdpVersion: 145.0.7632.46, setWindowRect: true, strictFileInteractability: false, timeouts: {implicit: 0, pageLoad: 300000, script: 30000}, unhandledPromptBehavior: dismiss and notify, webauthn:extension:credBlob: true, webauthn:extension:largeBlob: true, webauthn:extension:minPinLength: true, webauthn:extension:prf: true, webauthn:virtualAuthenticators: true}
Session ID: 1215db637249c2ae11af7feb84be5a64
	at org.openqa.selenium.remote.ErrorCodec.decode(ErrorCodec.java:169)
	at org.openqa.selenium.remote.codec.w3c.W3CHttpResponseCodec.decode(W3CHttpResponseCodec.java:142)
	at org.openqa.selenium.remote.codec.w3c.W3CHttpResponseCodec.decode(W3CHttpResponseCodec.java:49)
	at org.openqa.selenium.remote.HttpCommandExecutor.execute(HttpCommandExecutor.java:223)
	at org.openqa.selenium.remote.service.DriverCommandExecutor.invokeExecute(DriverCommandExecutor.java:216)
	at org.openqa.selenium.remote.service.DriverCommandExecutor.execute(DriverCommandExecutor.java:174)
	at org.openqa.selenium.remote.RemoteWebDriver.execute(RemoteWebDriver.java:601)
	at org.openqa.selenium.remote.ElementLocation$ElementFinder$2.findElement(ElementLocation.java:166)
	at org.openqa.selenium.remote.ElementLocation.findElement(ElementLocation.java:60)
	at org.openqa.selenium.remote.RemoteWebDriver.findElement(RemoteWebDriver.java:424)
	at org.openqa.selenium.remote.RemoteWebDriver.findElement(RemoteWebDriver.java:418)
	at com.utility.BroswerUtility.getVisibilityText(BroswerUtility.java:105)
	at com.ui.pages.MyAccountPage.getUserName(MyAccountPage.java:16)
	at com.ui.tests.LoginTest.verify_Login_Valid_withExcelDATA__Credentials(LoginTest.java:51)
	at java.base/java.util.concurrent.Executors$RunnableAdapter.call(Executors.java:572)
	at java.base/java.util.concurrent.FutureTask.run(FutureTask.java:317)
	at java.base/java.util.concurrent.ThreadPoolExecutor.runWorker(ThreadPoolExecutor.java:1144)
	at java.base/java.util.concurrent.ThreadPoolExecutor$Worker.run(ThreadPoolExecutor.java:642)
	at java.base/java.lang.Thread.run(Thread.java:1583)
... Removed 11 stack frames
</div> <!-- stack-trace -->
                  <em>
(verifies with valid user is able to login into the application)                  </em>
                </div> <!-- method-content -->
              </div> <!-- method -->
              <div class="method">
                <div class="method-content">
                  <a name="verify_Login_Valid_withExcelDATA__Credentials(User [emailAddress=angelatucker13287@suffermail.com, password=password])">
                  </a> <!-- verify_Login_Valid_withExcelDATA__Credentials(User [emailAddress=angelatucker13287@suffermail.com, password=password]) -->
                  <span class="method-name">verify_Login_Valid_withExcelDATA__Credentials</span>
                  <span class="parameters">(User [emailAddress=angelatucker13287@suffermail.com, password=password])</span>
                  <div class="stack-trace">java.lang.AssertionError: expected [Angel John1] but found [Angel John]
	at com.ui.tests.LoginTest.verify_Login_Valid_withExcelDATA__Credentials(LoginTest.java:51)
	at java.base/java.util.concurrent.Executors$RunnableAdapter.call(Executors.java:572)
	at java.base/java.util.concurrent.FutureTask.run(FutureTask.java:317)
	at java.base/java.util.concurrent.ThreadPoolExecutor.runWorker(ThreadPoolExecutor.java:1144)
	at java.base/java.util.concurrent.ThreadPoolExecutor$Worker.run(ThreadPoolExecutor.java:642)
	at java.base/java.lang.Thread.run(Thread.java:1583)
... Removed 17 stack frames
</div> <!-- stack-trace -->
                  <em>
(verifies with valid user is able to login into the application)                  </em>
                </div> <!-- method-content -->
              </div> <!-- method -->
              <div class="method">
                <div class="method-content">
                  <a name="verify_Login_Valid_withExcelDATA__Credentials(User [emailAddress=angelatucker13287@suffermail.com, password=password])">
                  </a> <!-- verify_Login_Valid_withExcelDATA__Credentials(User [emailAddress=angelatucker13287@suffermail.com, password=password]) -->
                  <span class="method-name">verify_Login_Valid_withExcelDATA__Credentials</span>
                  <span class="parameters">(User [emailAddress=angelatucker13287@suffermail.com, password=password])</span>
                  <div class="stack-trace">java.lang.AssertionError: expected [Angel John1] but found [Angel John]
	at com.ui.tests.LoginTest.verify_Login_Valid_withExcelDATA__Credentials(LoginTest.java:51)
	at java.base/java.util.concurrent.Executors$RunnableAdapter.call(Executors.java:572)
	at java.base/java.util.concurrent.FutureTask.run(FutureTask.java:317)
	at java.base/java.util.concurrent.ThreadPoolExecutor.runWorker(ThreadPoolExecutor.java:1144)
	at java.base/java.util.concurrent.ThreadPoolExecutor$Worker.run(ThreadPoolExecutor.java:642)
	at java.base/java.lang.Thread.run(Thread.java:1583)
... Removed 17 stack frames
</div> <!-- stack-trace -->
                  <em>
(verifies with valid user is able to login into the application)                  </em>
                </div> <!-- method-content -->
              </div> <!-- method -->
            </div> <!-- main-panel-content rounded-window-bottom -->
          </div> <!-- suite-Automation_Practice_Test_Suit-class-skipped -->
          <div class="suite-Automation_Practice_Test_Suit-class-passed">
            <div class="main-panel-header rounded-window-top">
              <img src="passed.png"/>
              <span class="class-name">com.ui.tests.LoginTest</span>
            </div> <!-- main-panel-header rounded-window-top -->
            <div class="main-panel-content rounded-window-bottom">
              <div class="method">
                <div class="method-content">
                  <a name="verify_Login_Valid_Credentials(User [emailAddress=rehankhan56390@gmail.com, password=12345])">
                  </a> <!-- verify_Login_Valid_Credentials(User [emailAddress=rehankhan56390@gmail.com, password=12345]) -->
                  <span class="method-name">verify_Login_Valid_Credentials</span>
                  <span class="parameters">(User [emailAddress=rehankhan56390@gmail.com, password=12345])</span>
                  <em>
(verifies with valid user is able to login into the application)                  </em>
                </div> <!-- method-content -->
              </div> <!-- method -->
              <div class="method">
                <div class="method-content">
                  <a name="verify_Login_Valid_Credentials(User [emailAddress=rehankhan56390@gmail.com, password=12345])">
                  </a> <!-- verify_Login_Valid_Credentials(User [emailAddress=rehankhan56390@gmail.com, password=12345]) -->
                  <span class="method-name">verify_Login_Valid_Credentials</span>
                  <span class="parameters">(User [emailAddress=rehankhan56390@gmail.com, password=12345])</span>
                  <em>
(verifies with valid user is able to login into the application)                  </em>
                </div> <!-- method-content -->
              </div> <!-- method -->
              <div class="method">
                <div class="method-content">
                  <a name="verify_Login_Valid_Credentials(User [emailAddress=rehankhan56390@gmail.com, password=12345])">
                  </a> <!-- verify_Login_Valid_Credentials(User [emailAddress=rehankhan56390@gmail.com, password=12345]) -->
                  <span class="method-name">verify_Login_Valid_Credentials</span>
                  <span class="parameters">(User [emailAddress=rehankhan56390@gmail.com, password=12345])</span>
                  <em>
(verifies with valid user is able to login into the application)                  </em>
                </div> <!-- method-content -->
              </div> <!-- method -->
              <div class="method">
                <div class="method-content">
                  <a name="verify_Login_Valid_withCSVDATA__Credentials(User [emailAddress=rehankhan56390@gmail.com, password=12345])">
                  </a> <!-- verify_Login_Valid_withCSVDATA__Credentials(User [emailAddress=rehankhan56390@gmail.com, password=12345]) -->
                  <span class="method-name">verify_Login_Valid_withCSVDATA__Credentials</span>
                  <span class="parameters">(User [emailAddress=rehankhan56390@gmail.com, password=12345])</span>
                  <em>
(verifies with valid user is able to login into the application)                  </em>
                </div> <!-- method-content -->
              </div> <!-- method -->
              <div class="method">
                <div class="method-content">
                  <a name="verify_Login_Valid_withCSVDATA__Credentials(User [emailAddress=rehankhan56390@gmail.com, password=12345])">
                  </a> <!-- verify_Login_Valid_withCSVDATA__Credentials(User [emailAddress=rehankhan56390@gmail.com, password=12345]) -->
                  <span class="method-name">verify_Login_Valid_withCSVDATA__Credentials</span>
                  <span class="parameters">(User [emailAddress=rehankhan56390@gmail.com, password=12345])</span>
                  <em>
(verifies with valid user is able to login into the application)                  </em>
                </div> <!-- method-content -->
              </div> <!-- method -->
            </div> <!-- main-panel-content rounded-window-bottom -->
          </div> <!-- suite-Automation_Practice_Test_Suit-class-passed -->
        </div> <!-- panel Automation_Practice_Test_Suit -->
        <div panel-name="test-xml-Automation_Practice_Test_Suit" class="panel">
          <div class="main-panel-header rounded-window-top">
            <span class="header-content">C:\ShopingWebSiteProject\ShoppingWebsite-Automation-Framework\testng.xml</span>
          </div> <!-- main-panel-header rounded-window-top -->
          <div class="main-panel-content rounded-window-bottom">
            <pre>
&lt;?xml version=&quot;1.0&quot; encoding=&quot;UTF-8&quot;?&gt;
&lt;!DOCTYPE suite SYSTEM &quot;https://testng.org/testng-1.0.dtd&quot;&gt;
&lt;suite thread-count=&quot;8&quot; parallel=&quot;methods&quot; name=&quot;Automation Practice Test Suit&quot; guice-stage=&quot;DEVELOPMENT&quot;&gt;
  &lt;test thread-count=&quot;8&quot; parallel=&quot;methods&quot; name=&quot;UI Automation Test&quot;&gt;
    &lt;parameter name=&quot;isHeadless&quot; value=&quot;false&quot;/&gt;
    &lt;parameter name=&quot;isLamdaTest&quot; value=&quot;false&quot;/&gt;
    &lt;parameter name=&quot;browser&quot; value=&quot;chrome&quot;/&gt;
    &lt;classes&gt;
      &lt;class name=&quot;com.ui.tests.LoginTest&quot;/&gt;
    &lt;/classes&gt;
  &lt;/test&gt; &lt;!-- UI Automation Test --&gt;
&lt;/suite&gt; &lt;!-- Automation Practice Test Suit --&gt;
            </pre>
          </div> <!-- main-panel-content rounded-window-bottom -->
        </div> <!-- panel -->
        <div panel-name="testlist-Automation_Practice_Test_Suit" class="panel">
          <div class="main-panel-header rounded-window-top">
            <span class="header-content">Tests for Automation Practice Test Suit</span>
          </div> <!-- main-panel-header rounded-window-top -->
          <div class="main-panel-content rounded-window-bottom">
            <ul>
              <li>
                <span class="test-name">UI Automation Test (1 class)</span>
              </li>
            </ul>
          </div> <!-- main-panel-content rounded-window-bottom -->
        </div> <!-- panel -->
        <div panel-name="group-Automation_Practice_Test_Suit" class="panel">
          <div class="main-panel-header rounded-window-top">
            <span class="header-content">Groups for Automation Practice Test Suit</span>
          </div> <!-- main-panel-header rounded-window-top -->
          <div class="main-panel-content rounded-window-bottom">
            <div class="test-group">
              <span class="test-group-name">e2e</span>
              <br/>
              <div class="method-in-group">
                <span class="method-in-group-name">verify_Login_Valid_Credentials</span>
                <br/>
              </div> <!-- method-in-group -->
              <div class="method-in-group">
                <span class="method-in-group-name">verify_Login_Valid_withCSVDATA__Credentials</span>
                <br/>
              </div> <!-- method-in-group -->
              <div class="method-in-group">
                <span class="method-in-group-name">verify_Login_Valid_withExcelDATA__Credentials</span>
                <br/>
              </div> <!-- method-in-group -->
            </div> <!-- test-group -->
            <div class="test-group">
              <span class="test-group-name">sanity</span>
              <br/>
              <div class="method-in-group">
                <span class="method-in-group-name">verify_Login_Valid_Credentials</span>
                <br/>
              </div> <!-- method-in-group -->
              <div class="method-in-group">
                <span class="method-in-group-name">verify_Login_Valid_withCSVDATA__Credentials</span>
                <br/>
              </div> <!-- method-in-group -->
              <div class="method-in-group">
                <span class="method-in-group-name">verify_Login_Valid_withExcelDATA__Credentials</span>
                <br/>
              </div> <!-- method-in-group -->
            </div> <!-- test-group -->
          </div> <!-- main-panel-content rounded-window-bottom -->
        </div> <!-- panel -->
        <div panel-name="times-Automation_Practice_Test_Suit" class="panel">
          <div class="main-panel-header rounded-window-top">
            <span class="header-content">Times for Automation Practice Test Suit</span>
          </div> <!-- main-panel-header rounded-window-top -->
          <div class="main-panel-content rounded-window-bottom">
            <div class="times-div">
              <script type="text/javascript">
suiteTableInitFunctions.push('tableData_Automation_Practice_Test_Suit');
function tableData_Automation_Practice_Test_Suit() {
var data = new google.visualization.DataTable();
data.addColumn('number', 'Number');
data.addColumn('string', 'Method');
data.addColumn('string', 'Class');
data.addColumn('number', 'Time (ms)');
data.addRows(9);
data.setCell(0, 0, 0)
data.setCell(0, 1, 'verify_Login_Valid_Credentials')
data.setCell(0, 2, 'com.ui.tests.LoginTest')
data.setCell(0, 3, 3916);
data.setCell(1, 0, 1)
data.setCell(1, 1, 'verify_Login_Valid_withCSVDATA__Credentials')
data.setCell(1, 2, 'com.ui.tests.LoginTest')
data.setCell(1, 3, 3297);
data.setCell(2, 0, 2)
data.setCell(2, 1, 'verify_Login_Valid_Credentials')
data.setCell(2, 2, 'com.ui.tests.LoginTest')
data.setCell(2, 3, 2796);
data.setCell(3, 0, 3)
data.setCell(3, 1, 'verify_Login_Valid_withExcelDATA__Credentials')
data.setCell(3, 2, 'com.ui.tests.LoginTest')
data.setCell(3, 3, 2346);
data.setCell(4, 0, 4)
data.setCell(4, 1, 'verify_Login_Valid_Credentials')
data.setCell(4, 2, 'com.ui.tests.LoginTest')
data.setCell(4, 3, 2033);
data.setCell(5, 0, 5)
data.setCell(5, 1, 'verify_Login_Valid_withCSVDATA__Credentials')
data.setCell(5, 2, 'com.ui.tests.LoginTest')
data.setCell(5, 3, 1837);
data.setCell(6, 0, 6)
data.setCell(6, 1, 'verify_Login_Valid_withExcelDATA__Credentials')
data.setCell(6, 2, 'com.ui.tests.LoginTest')
data.setCell(6, 3, 1664);
data.setCell(7, 0, 7)
data.setCell(7, 1, 'verify_Login_Valid_withExcelDATA__Credentials')
data.setCell(7, 2, 'com.ui.tests.LoginTest')
data.setCell(7, 3, 1657);
data.setCell(8, 0, 8)
data.setCell(8, 1, 'verify_Login_Valid_withExcelDATA__Credentials')
data.setCell(8, 2, 'com.ui.tests.LoginTest')
data.setCell(8, 3, 1470);
window.suiteTableData['Automation_Practice_Test_Suit']= { tableData: data, tableDiv: 'times-div-Automation_Practice_Test_Suit'}
return data;
}
              </script>
              <span class="suite-total-time">Total running time: 21 seconds</span>
              <div id="times-div-Automation_Practice_Test_Suit">
              </div> <!-- times-div-Automation_Practice_Test_Suit -->
            </div> <!-- times-div -->
          </div> <!-- main-panel-content rounded-window-bottom -->
        </div> <!-- panel -->
        <div panel-name="reporter-Automation_Practice_Test_Suit" class="panel">
          <div class="main-panel-header rounded-window-top">
            <span class="header-content">Reporter output for Automation Practice Test Suit</span>
          </div> <!-- main-panel-header rounded-window-top -->
          <div class="main-panel-content rounded-window-bottom">
          </div> <!-- main-panel-content rounded-window-bottom -->
        </div> <!-- panel -->
        <div panel-name="ignored-methods-Automation_Practice_Test_Suit" class="panel">
          <div class="main-panel-header rounded-window-top">
            <span class="header-content">0 ignored methods</span>
          </div> <!-- main-panel-header rounded-window-top -->
          <div class="main-panel-content rounded-window-bottom">
          </div> <!-- main-panel-content rounded-window-bottom -->
        </div> <!-- panel -->
        <div panel-name="chronological-Automation_Practice_Test_Suit" class="panel">
          <div class="main-panel-header rounded-window-top">
            <span class="header-content">Methods in chronological order</span>
          </div> <!-- main-panel-header rounded-window-top -->
          <div class="main-panel-content rounded-window-bottom">
            <div class="chronological-class">
              <div class="chronological-class-name">com.ui.tests.LoginTest</div> <!-- chronological-class-name -->
              <div class="configuration-method before">
                <span class="method-name">setup(chrome, false, false, [TestResult name={null} status=CREATED method=LoginTest.verify_Login_Valid_wit...)</span>
                <span class="method-start">0 ms</span>
              </div> <!-- configuration-method before -->
              <div class="configuration-method before">
                <span class="method-name">setup(chrome, false, false, [TestResult name={null} status=CREATED method=LoginTest.verify_Login_Valid_Cre...)</span>
                <span class="method-start">45 ms</span>
              </div> <!-- configuration-method before -->
              <div class="configuration-method before">
                <span class="method-name">setup(chrome, false, false, [TestResult name={null} status=CREATED method=LoginTest.verify_Login_Valid_wit...)</span>
                <span class="method-start">892 ms</span>
              </div> <!-- configuration-method before -->
              <div class="test-method">
                <span class="method-name">verify_Login_Valid_withExcelDATA__Credentials(User [emailAddress=angelatucker13287@suffermail.com, password=password])</span>
                <span class="method-start">7825 ms</span>
              </div> <!-- test-method -->
              <div class="configuration-method after">
                <span class="method-name">tearDown</span>
                <span class="method-start">10188 ms</span>
              </div> <!-- configuration-method after -->
              <div class="configuration-method before">
                <span class="method-name">setup(chrome, false, false, [TestResult name={null} status=CREATED method=LoginTest.verify_Login_Valid_wit...)</span>
                <span class="method-start">10575 ms</span>
              </div> <!-- configuration-method before -->
              <div class="test-method">
                <span class="method-name">verify_Login_Valid_withCSVDATA__Credentials(User [emailAddress=rehankhan56390@gmail.com, password=12345])</span>
                <span class="method-start">11539 ms</span>
              </div> <!-- test-method -->
              <div class="test-method">
                <span class="method-name">verify_Login_Valid_Credentials(User [emailAddress=rehankhan56390@gmail.com, password=12345])</span>
                <span class="method-start">13024 ms</span>
              </div> <!-- test-method -->
              <div class="configuration-method after">
                <span class="method-name">tearDown</span>
                <span class="method-start">14839 ms</span>
              </div> <!-- configuration-method after -->
              <div class="test-method">
                <span class="method-name">verify_Login_Valid_withExcelDATA__Credentials(User [emailAddress=angelatucker13287@suffermail.com, password=password])</span>
                <span class="method-start">14957 ms</span>
              </div> <!-- test-method -->
              <div class="configuration-method before">
                <span class="method-name">setup(chrome, false, false, [TestResult name={null} status=CREATED method=LoginTest.verify_Login_Valid_wit...)</span>
                <span class="method-start">15393 ms</span>
              </div> <!-- configuration-method before -->
              <div class="configuration-method after">
                <span class="method-name">tearDown</span>
                <span class="method-start">15824 ms</span>
              </div> <!-- configuration-method after -->
              <div class="configuration-method before">
                <span class="method-name">setup(chrome, false, false, [TestResult name={null} status=CREATED method=LoginTest.verify_Login_Valid_Cre...)</span>
                <span class="method-start">16390 ms</span>
              </div> <!-- configuration-method before -->
              <div class="configuration-method after">
                <span class="method-name">tearDown</span>
                <span class="method-start">16625 ms</span>
              </div> <!-- configuration-method after -->
              <div class="configuration-method before">
                <span class="method-name">setup(chrome, false, false, [TestResult name={null} status=CREATED method=LoginTest.verify_Login_Valid_wit...)</span>
                <span class="method-start">17237 ms</span>
              </div> <!-- configuration-method before -->
              <div class="test-method">
                <span class="method-name">verify_Login_Valid_Credentials(User [emailAddress=rehankhan56390@gmail.com, password=12345])</span>
                <span class="method-start">20543 ms</span>
              </div> <!-- test-method -->
              <div class="test-method">
                <span class="method-name">verify_Login_Valid_withCSVDATA__Credentials(User [emailAddress=rehankhan56390@gmail.com, password=12345])</span>
                <span class="method-start">22507 ms</span>
              </div> <!-- test-method -->
              <div class="test-method">
                <span class="method-name">verify_Login_Valid_withExcelDATA__Credentials(User [emailAddress=angelatucker13287@suffermail.com, password=password])</span>
                <span class="method-start">23406 ms</span>
              </div> <!-- test-method -->
              <div class="configuration-method after">
                <span class="method-name">tearDown</span>
                <span class="method-start">24351 ms</span>
              </div> <!-- configuration-method after -->
              <div class="configuration-method after">
                <span class="method-name">tearDown</span>
                <span class="method-start">24462 ms</span>
              </div> <!-- configuration-method after -->
              <div class="configuration-method after">
                <span class="method-name">tearDown</span>
                <span class="method-start">24889 ms</span>
              </div> <!-- configuration-method after -->
              <div class="configuration-method before">
                <span class="method-name">setup(chrome, false, false, [TestResult name={null} status=CREATED method=LoginTest.verify_Login_Valid_Cre...)</span>
                <span class="method-start">25232 ms</span>
              </div> <!-- configuration-method before -->
              <div class="configuration-method before">
                <span class="method-name">setup(chrome, false, false, [TestResult name={null} status=CREATED method=LoginTest.verify_Login_Valid_wit...)</span>
                <span class="method-start">25582 ms</span>
              </div> <!-- configuration-method before -->
              <div class="test-method">
                <span class="method-name">verify_Login_Valid_Credentials(User [emailAddress=rehankhan56390@gmail.com, password=12345])</span>
                <span class="method-start">31990 ms</span>
              </div> <!-- test-method -->
              <div class="test-method">
                <img src="failed.png">
                </img>
                <span class="method-name">verify_Login_Valid_withExcelDATA__Credentials(User [emailAddress=angelatucker13287@suffermail.com, password=password])</span>
                <span class="method-start">32670 ms</span>
              </div> <!-- test-method -->
              <div class="configuration-method after">
                <span class="method-name">tearDown</span>
                <span class="method-start">34026 ms</span>
              </div> <!-- configuration-method after -->
              <div class="configuration-method after">
                <span class="method-name">tearDown</span>
                <span class="method-start">34644 ms</span>
              </div> <!-- configuration-method after -->
          </div> <!-- main-panel-content rounded-window-bottom -->
        </div> <!-- panel -->
      </div> <!-- main-panel-root -->
    </div> <!-- wrapper -->
  </body>
<script type="text/javascript" src="testng-reports2.js"></script>
</html>
