<?xml version="1.0" encoding="UTF-8"?>
<testng-results ignored="0" total="1" passed="1" failed="0" skipped="0">
  <reporter-output>
  </reporter-output>
  <suite started-at="2026-02-18T12:24:00 IST" name="Default suite" finished-at="2026-02-18T12:24:09 IST" duration-ms="8433">
    <groups>
      <group name="smoke">
        <method signature="AddNewAddressTest.Test(com.ui.pojo.User)[pri:0, instance:com.ui.tests.AddNewAddressTest@1458ed9c]" name="Test" class="com.ui.tests.AddNewAddressTest"/>
      </group> <!-- smoke -->
      <group name="sanity">
        <method signature="AddNewAddressTest.Test(com.ui.pojo.User)[pri:0, instance:com.ui.tests.AddNewAddressTest@1458ed9c]" name="Test" class="com.ui.tests.AddNewAddressTest"/>
      </group> <!-- sanity -->
      <group name="e2e">
        <method signature="AddNewAddressTest.Test(com.ui.pojo.User)[pri:0, instance:com.ui.tests.AddNewAddressTest@1458ed9c]" name="Test" class="com.ui.tests.AddNewAddressTest"/>
      </group> <!-- e2e -->
    </groups>
    <test started-at="2026-02-18T12:24:00 IST" name="Default test" finished-at="2026-02-18T12:24:09 IST" duration-ms="8433">
      <class name="com.ui.tests.AddNewAddressTest">
        <test-method is-config="true" signature="setup()[pri:0, instance:com.ui.tests.AddNewAddressTest@1458ed9c]" started-at="2026-02-18T12:24:01 IST" name="setup" description="load the HomePage of website" finished-at="2026-02-18T12:24:06 IST" duration-ms="4638" status="PASS">
          <reporter-output>
          </reporter-output>
        </test-method> <!-- setup -->
        <test-method signature="Test(com.ui.pojo.User)[pri:0, instance:com.ui.tests.AddNewAddressTest@1458ed9c]" started-at="2026-02-18T12:24:06 IST" name="Test" description="verifies add address save" data-provider="LoginTestExcelDataProvider" finished-at="2026-02-18T12:24:09 IST" duration-ms="3016" status="PASS">
          <params>
            <param index="0">
              <value>
                <![CDATA[User [emailAddress=angelatucker13287@suffermail.com, password=password]]]>
              </value>
            </param>
          </params>
          <reporter-output>
          </reporter-output>
        </test-method> <!-- Test -->
      </class> <!-- com.ui.tests.AddNewAddressTest -->
    </test> <!-- Default test -->
  </suite> <!-- Default suite -->
</testng-results>
