<?xml version="1.0" encoding="UTF-8"?>
<testng-results ignored="0" total="1" passed="1" failed="0" skipped="0">
  <reporter-output>
  </reporter-output>
  <suite started-at="2026-02-23T17:24:01 IST" name="Default suite" finished-at="2026-02-23T17:24:13 IST" duration-ms="12036">
    <groups>
      <group name="smoke">
        <method signature="ProductCheckoutTest.checkoutTest(com.ui.pojo.User)[pri:0, instance:com.ui.tests.ProductCheckoutTest@2f67b837]" name="checkoutTest" class="com.ui.tests.ProductCheckoutTest"/>
      </group> <!-- smoke -->
      <group name="sanity">
        <method signature="ProductCheckoutTest.checkoutTest(com.ui.pojo.User)[pri:0, instance:com.ui.tests.ProductCheckoutTest@2f67b837]" name="checkoutTest" class="com.ui.tests.ProductCheckoutTest"/>
      </group> <!-- sanity -->
      <group name="e2e">
        <method signature="ProductCheckoutTest.checkoutTest(com.ui.pojo.User)[pri:0, instance:com.ui.tests.ProductCheckoutTest@2f67b837]" name="checkoutTest" class="com.ui.tests.ProductCheckoutTest"/>
      </group> <!-- e2e -->
    </groups>
    <test started-at="2026-02-23T17:24:01 IST" name="Default test" finished-at="2026-02-23T17:24:13 IST" duration-ms="12036">
      <class name="com.ui.tests.ProductCheckoutTest">
        <test-method is-config="true" signature="setup(java.lang.String,boolean,boolean,org.testng.ITestResult)[pri:0, instance:com.ui.tests.ProductCheckoutTest@2f67b837]" started-at="2026-02-23T17:24:03 IST" name="setup" description="load the HomePage of website" finished-at="2026-02-23T17:24:07 IST" duration-ms="4097" status="PASS">
          <params>
            <param index="0">
              <value>
                <![CDATA[Chrome]]>
              </value>
            </param>
            <param index="1">
              <value>
                <![CDATA[false]]>
              </value>
            </param>
            <param index="2">
              <value>
                <![CDATA[false]]>
              </value>
            </param>
            <param index="3">
              <value>
                <![CDATA[[TestResult name={null} status=CREATED method=ProductCheckoutTest.checkoutTest(com.ui.pojo.User)[pri:0, instance:com.ui.tests.ProductCheckoutTest@2f67b837] output={null}]]]>
              </value>
            </param>
          </params>
          <reporter-output>
          </reporter-output>
        </test-method> <!-- setup -->
        <test-method signature="checkoutTest(com.ui.pojo.User)[pri:0, instance:com.ui.tests.ProductCheckoutTest@2f67b837]" started-at="2026-02-23T17:24:07 IST" name="checkoutTest" description="verifies if logged in User is able to buy a dress" data-provider="LoginTestExcelDataProvider" finished-at="2026-02-23T17:24:13 IST" duration-ms="5803" status="PASS">
          <params>
            <param index="0">
              <value>
                <![CDATA[User [emailAddress=angelatucker13287@suffermail.com, password=password]]]>
              </value>
            </param>
          </params>
          <reporter-output>
          </reporter-output>
        </test-method> <!-- checkoutTest -->
        <test-method is-config="true" signature="tearDown()[pri:0, instance:com.ui.tests.ProductCheckoutTest@2f67b837]" started-at="2026-02-23T17:24:13 IST" name="tearDown" description="Tear Down the browser" finished-at="2026-02-23T17:24:13 IST" duration-ms="435" status="PASS">
          <reporter-output>
          </reporter-output>
        </test-method> <!-- tearDown -->
      </class> <!-- com.ui.tests.ProductCheckoutTest -->
    </test> <!-- Default test -->
  </suite> <!-- Default suite -->
</testng-results>
