<?xml version="1.0" encoding="UTF-8"?>
<testng-results retried="3" ignored="0" total="9" passed="5" failed="1" skipped="0">
  <reporter-output>
  </reporter-output>
  <suite started-at="2026-02-15T02:33:09 IST" name="Default suite" finished-at="2026-02-15T02:35:04 IST" duration-ms="114536">
    <groups>
      <group name="sanity">
        <method signature="LoginTest.verify_Login_Valid_Credentials(com.ui.pojo.User)[pri:0, instance:com.ui.tests.LoginTest@1800a575]" name="verify_Login_Valid_Credentials" class="com.ui.tests.LoginTest"/>
        <method signature="LoginTest.verify_Login_Valid_withCSVDATA__Credentials(com.ui.pojo.User)[pri:0, instance:com.ui.tests.LoginTest@1800a575]" name="verify_Login_Valid_withCSVDATA__Credentials" class="com.ui.tests.LoginTest"/>
        <method signature="LoginTest.verify_Login_Valid_withExcelDATA__Credentials(com.ui.pojo.User)[pri:0, instance:com.ui.tests.LoginTest@1800a575]" name="verify_Login_Valid_withExcelDATA__Credentials" class="com.ui.tests.LoginTest"/>
      </group> <!-- sanity -->
      <group name="e2e">
        <method signature="LoginTest.verify_Login_Valid_Credentials(com.ui.pojo.User)[pri:0, instance:com.ui.tests.LoginTest@1800a575]" name="verify_Login_Valid_Credentials" class="com.ui.tests.LoginTest"/>
        <method signature="LoginTest.verify_Login_Valid_withCSVDATA__Credentials(com.ui.pojo.User)[pri:0, instance:com.ui.tests.LoginTest@1800a575]" name="verify_Login_Valid_withCSVDATA__Credentials" class="com.ui.tests.LoginTest"/>
        <method signature="LoginTest.verify_Login_Valid_withExcelDATA__Credentials(com.ui.pojo.User)[pri:0, instance:com.ui.tests.LoginTest@1800a575]" name="verify_Login_Valid_withExcelDATA__Credentials" class="com.ui.tests.LoginTest"/>
      </group> <!-- e2e -->
    </groups>
    <test started-at="2026-02-15T02:33:09 IST" name="Default test" finished-at="2026-02-15T02:35:04 IST" duration-ms="114536">
      <class name="com.ui.tests.LoginTest">
        <test-method is-config="true" signature="setup()[pri:0, instance:com.ui.tests.LoginTest@1800a575]" started-at="2026-02-15T02:33:09 IST" name="setup" description="load the HomePage of website" finished-at="2026-02-15T02:33:19 IST" duration-ms="9638" status="PASS">
          <reporter-output>
          </reporter-output>
        </test-method> <!-- setup -->
        <test-method signature="verify_Login_Valid_Credentials(com.ui.pojo.User)[pri:0, instance:com.ui.tests.LoginTest@1800a575]" started-at="2026-02-15T02:33:19 IST" name="verify_Login_Valid_Credentials" description="verifies with valid user is able to login into the application" data-provider="LoginTestDataProvider" finished-at="2026-02-15T02:33:20 IST" duration-ms="1038" status="PASS">
          <params>
            <param index="0">
              <value>
                <![CDATA[User [emailAddress=rehankhan56390@gmail.com, password=12345]]]>
              </value>
            </param>
          </params>
          <reporter-output>
          </reporter-output>
        </test-method> <!-- verify_Login_Valid_Credentials -->
        <test-method is-config="true" signature="setup()[pri:0, instance:com.ui.tests.LoginTest@1800a575]" started-at="2026-02-15T02:33:20 IST" name="setup" description="load the HomePage of website" finished-at="2026-02-15T02:33:24 IST" duration-ms="3926" status="PASS">
          <reporter-output>
          </reporter-output>
        </test-method> <!-- setup -->
        <test-method signature="verify_Login_Valid_Credentials(com.ui.pojo.User)[pri:0, instance:com.ui.tests.LoginTest@1800a575]" started-at="2026-02-15T02:33:24 IST" name="verify_Login_Valid_Credentials" description="verifies with valid user is able to login into the application" data-provider="LoginTestDataProvider" finished-at="2026-02-15T02:33:25 IST" duration-ms="943" status="PASS">
          <params>
            <param index="0">
              <value>
                <![CDATA[User [emailAddress=rehankhan56390@gmail.com, password=12345]]]>
              </value>
            </param>
          </params>
          <reporter-output>
          </reporter-output>
        </test-method> <!-- verify_Login_Valid_Credentials -->
        <test-method is-config="true" signature="setup()[pri:0, instance:com.ui.tests.LoginTest@1800a575]" started-at="2026-02-15T02:33:25 IST" name="setup" description="load the HomePage of website" finished-at="2026-02-15T02:33:28 IST" duration-ms="3376" status="PASS">
          <reporter-output>
          </reporter-output>
        </test-method> <!-- setup -->
        <test-method signature="verify_Login_Valid_Credentials(com.ui.pojo.User)[pri:0, instance:com.ui.tests.LoginTest@1800a575]" started-at="2026-02-15T02:33:28 IST" name="verify_Login_Valid_Credentials" description="verifies with valid user is able to login into the application" data-provider="LoginTestDataProvider" finished-at="2026-02-15T02:33:32 IST" duration-ms="3454" status="PASS">
          <params>
            <param index="0">
              <value>
                <![CDATA[User [emailAddress=rehankhan56390@gmail.com, password=12345]]]>
              </value>
            </param>
          </params>
          <reporter-output>
          </reporter-output>
        </test-method> <!-- verify_Login_Valid_Credentials -->
        <test-method is-config="true" signature="setup()[pri:0, instance:com.ui.tests.LoginTest@1800a575]" started-at="2026-02-15T02:33:32 IST" name="setup" description="load the HomePage of website" finished-at="2026-02-15T02:33:36 IST" duration-ms="3701" status="PASS">
          <reporter-output>
          </reporter-output>
        </test-method> <!-- setup -->
        <test-method signature="verify_Login_Valid_withCSVDATA__Credentials(com.ui.pojo.User)[pri:0, instance:com.ui.tests.LoginTest@1800a575]" started-at="2026-02-15T02:33:36 IST" name="verify_Login_Valid_withCSVDATA__Credentials" description="verifies with valid user is able to login into the application" data-provider="LoginTestCSVDataProvider" finished-at="2026-02-15T02:33:44 IST" duration-ms="8693" status="PASS">
          <params>
            <param index="0">
              <value>
                <![CDATA[User [emailAddress=rehankhan56390@gmail.com, password=12345]]]>
              </value>
            </param>
          </params>
          <reporter-output>
          </reporter-output>
        </test-method> <!-- verify_Login_Valid_withCSVDATA__Credentials -->
        <test-method is-config="true" signature="setup()[pri:0, instance:com.ui.tests.LoginTest@1800a575]" started-at="2026-02-15T02:33:44 IST" name="setup" description="load the HomePage of website" finished-at="2026-02-15T02:33:51 IST" duration-ms="6398" status="PASS">
          <reporter-output>
          </reporter-output>
        </test-method> <!-- setup -->
        <test-method signature="verify_Login_Valid_withCSVDATA__Credentials(com.ui.pojo.User)[pri:0, instance:com.ui.tests.LoginTest@1800a575]" started-at="2026-02-15T02:33:51 IST" name="verify_Login_Valid_withCSVDATA__Credentials" description="verifies with valid user is able to login into the application" data-provider="LoginTestCSVDataProvider" finished-at="2026-02-15T02:33:56 IST" duration-ms="5189" status="PASS">
          <params>
            <param index="0">
              <value>
                <![CDATA[User [emailAddress=rehankhan56390@gmail.com, password=12345]]]>
              </value>
            </param>
          </params>
          <reporter-output>
          </reporter-output>
        </test-method> <!-- verify_Login_Valid_withCSVDATA__Credentials -->
        <test-method is-config="true" signature="setup()[pri:0, instance:com.ui.tests.LoginTest@1800a575]" started-at="2026-02-15T02:33:58 IST" name="setup" description="load the HomePage of website" finished-at="2026-02-15T02:34:05 IST" duration-ms="6968" status="PASS">
          <reporter-output>
          </reporter-output>
        </test-method> <!-- setup -->
        <test-method retried="true" signature="verify_Login_Valid_withExcelDATA__Credentials(com.ui.pojo.User)[pri:0, instance:com.ui.tests.LoginTest@1800a575]" started-at="2026-02-15T02:34:05 IST" name="verify_Login_Valid_withExcelDATA__Credentials" description="verifies with valid user is able to login into the application" data-provider="LoginTestExcelDataProvider" finished-at="2026-02-15T02:34:10 IST" duration-ms="5240" status="SKIP">
          <params>
            <param index="0">
              <value>
                <![CDATA[User [emailAddress=angelatucker13287@suffermail.com, password=password]]]>
              </value>
            </param>
          </params>
          <exception class="java.lang.AssertionError">
            <message>
              <![CDATA[expected [Angel John1] but found [Angel John]]]>
            </message>
            <full-stacktrace>
              <![CDATA[java.lang.AssertionError: expected [Angel John1] but found [Angel John]
at org.testng.Assert.fail(Assert.java:111)
at org.testng.Assert.failNotEquals(Assert.java:1590)
at org.testng.Assert.assertEqualsImpl(Assert.java:150)
at org.testng.Assert.assertEquals(Assert.java:132)
at org.testng.Assert.assertEquals(Assert.java:656)
at org.testng.Assert.assertEquals(Assert.java:666)
at com.ui.tests.LoginTest.verify_Login_Valid_withExcelDATA__Credentials(LoginTest.java:51)
at java.base/jdk.internal.reflect.DirectMethodHandleAccessor.invoke(DirectMethodHandleAccessor.java:103)
at java.base/java.lang.reflect.Method.invoke(Method.java:580)
at org.testng.internal.invokers.MethodInvocationHelper.invokeMethod(MethodInvocationHelper.java:141)
at org.testng.internal.invokers.TestInvoker.invokeMethod(TestInvoker.java:697)
at org.testng.internal.invokers.TestInvoker.invokeTestMethod(TestInvoker.java:230)
at org.testng.internal.invokers.MethodRunner.runInSequence(MethodRunner.java:63)
at org.testng.internal.invokers.TestInvoker$MethodInvocationAgent.invoke(TestInvoker.java:1005)
at org.testng.internal.invokers.TestInvoker.invokeTestMethods(TestInvoker.java:203)
at org.testng.internal.invokers.TestMethodWorker.invokeTestMethods(TestMethodWorker.java:154)
at org.testng.internal.invokers.TestMethodWorker.run(TestMethodWorker.java:134)
at java.base/java.util.ArrayList.forEach(ArrayList.java:1596)
at org.testng.TestRunner.privateRun(TestRunner.java:744)
at org.testng.TestRunner.run(TestRunner.java:616)
at org.testng.SuiteRunner.runTest(SuiteRunner.java:421)
at org.testng.SuiteRunner.runSequentially(SuiteRunner.java:413)
at org.testng.SuiteRunner.privateRun(SuiteRunner.java:373)
at org.testng.SuiteRunner.run(SuiteRunner.java:312)
at org.testng.SuiteRunnerWorker.runSuite(SuiteRunnerWorker.java:52)
at org.testng.SuiteRunnerWorker.run(SuiteRunnerWorker.java:95)
at org.testng.TestNG.runSuitesSequentially(TestNG.java:1274)
at org.testng.TestNG.runSuitesLocally(TestNG.java:1208)
at org.testng.TestNG.runSuites(TestNG.java:1112)
at org.testng.TestNG.run(TestNG.java:1079)
at org.testng.remote.AbstractRemoteTestNG.run(AbstractRemoteTestNG.java:115)
at org.testng.remote.RemoteTestNG.initAndRun(RemoteTestNG.java:293)
at org.testng.remote.RemoteTestNG.main(RemoteTestNG.java:91)
]]>
            </full-stacktrace>
          </exception> <!-- java.lang.AssertionError -->
          <reporter-output>
          </reporter-output>
        </test-method> <!-- verify_Login_Valid_withExcelDATA__Credentials -->
        <test-method is-config="true" signature="setup()[pri:0, instance:com.ui.tests.LoginTest@1800a575]" started-at="2026-02-15T02:34:10 IST" name="setup" description="load the HomePage of website" finished-at="2026-02-15T02:34:20 IST" duration-ms="9923" status="PASS">
          <reporter-output>
          </reporter-output>
        </test-method> <!-- setup -->
        <test-method retried="true" signature="verify_Login_Valid_withExcelDATA__Credentials(com.ui.pojo.User)[pri:0, instance:com.ui.tests.LoginTest@1800a575]" started-at="2026-02-15T02:34:20 IST" name="verify_Login_Valid_withExcelDATA__Credentials" description="verifies with valid user is able to login into the application" data-provider="LoginTestExcelDataProvider" finished-at="2026-02-15T02:34:22 IST" duration-ms="2016" status="SKIP">
          <params>
            <param index="0">
              <value>
                <![CDATA[User [emailAddress=angelatucker13287@suffermail.com, password=password]]]>
              </value>
            </param>
          </params>
          <exception class="java.lang.AssertionError">
            <message>
              <![CDATA[expected [Angel John1] but found [Angel John]]]>
            </message>
            <full-stacktrace>
              <![CDATA[java.lang.AssertionError: expected [Angel John1] but found [Angel John]
at org.testng.Assert.fail(Assert.java:111)
at org.testng.Assert.failNotEquals(Assert.java:1590)
at org.testng.Assert.assertEqualsImpl(Assert.java:150)
at org.testng.Assert.assertEquals(Assert.java:132)
at org.testng.Assert.assertEquals(Assert.java:656)
at org.testng.Assert.assertEquals(Assert.java:666)
at com.ui.tests.LoginTest.verify_Login_Valid_withExcelDATA__Credentials(LoginTest.java:51)
at java.base/jdk.internal.reflect.DirectMethodHandleAccessor.invoke(DirectMethodHandleAccessor.java:103)
at java.base/java.lang.reflect.Method.invoke(Method.java:580)
at org.testng.internal.invokers.MethodInvocationHelper.invokeMethod(MethodInvocationHelper.java:141)
at org.testng.internal.invokers.TestInvoker.invokeMethod(TestInvoker.java:697)
at org.testng.internal.invokers.TestInvoker.retryFailed(TestInvoker.java:280)
at org.testng.internal.invokers.MethodRunner.runInSequence(MethodRunner.java:76)
at org.testng.internal.invokers.TestInvoker$MethodInvocationAgent.invoke(TestInvoker.java:1005)
at org.testng.internal.invokers.TestInvoker.invokeTestMethods(TestInvoker.java:203)
at org.testng.internal.invokers.TestMethodWorker.invokeTestMethods(TestMethodWorker.java:154)
at org.testng.internal.invokers.TestMethodWorker.run(TestMethodWorker.java:134)
at java.base/java.util.ArrayList.forEach(ArrayList.java:1596)
at org.testng.TestRunner.privateRun(TestRunner.java:744)
at org.testng.TestRunner.run(TestRunner.java:616)
at org.testng.SuiteRunner.runTest(SuiteRunner.java:421)
at org.testng.SuiteRunner.runSequentially(SuiteRunner.java:413)
at org.testng.SuiteRunner.privateRun(SuiteRunner.java:373)
at org.testng.SuiteRunner.run(SuiteRunner.java:312)
at org.testng.SuiteRunnerWorker.runSuite(SuiteRunnerWorker.java:52)
at org.testng.SuiteRunnerWorker.run(SuiteRunnerWorker.java:95)
at org.testng.TestNG.runSuitesSequentially(TestNG.java:1274)
at org.testng.TestNG.runSuitesLocally(TestNG.java:1208)
at org.testng.TestNG.runSuites(TestNG.java:1112)
at org.testng.TestNG.run(TestNG.java:1079)
at org.testng.remote.AbstractRemoteTestNG.run(AbstractRemoteTestNG.java:115)
at org.testng.remote.RemoteTestNG.initAndRun(RemoteTestNG.java:293)
at org.testng.remote.RemoteTestNG.main(RemoteTestNG.java:91)
]]>
            </full-stacktrace>
          </exception> <!-- java.lang.AssertionError -->
          <reporter-output>
          </reporter-output>
        </test-method> <!-- verify_Login_Valid_withExcelDATA__Credentials -->
        <test-method is-config="true" signature="setup()[pri:0, instance:com.ui.tests.LoginTest@1800a575]" started-at="2026-02-15T02:34:22 IST" name="setup" description="load the HomePage of website" finished-at="2026-02-15T02:34:30 IST" duration-ms="8324" status="PASS">
          <reporter-output>
          </reporter-output>
        </test-method> <!-- setup -->
        <test-method retried="true" signature="verify_Login_Valid_withExcelDATA__Credentials(com.ui.pojo.User)[pri:0, instance:com.ui.tests.LoginTest@1800a575]" started-at="2026-02-15T02:34:30 IST" name="verify_Login_Valid_withExcelDATA__Credentials" description="verifies with valid user is able to login into the application" data-provider="LoginTestExcelDataProvider" finished-at="2026-02-15T02:34:33 IST" duration-ms="3246" status="SKIP">
          <params>
            <param index="0">
              <value>
                <![CDATA[User [emailAddress=angelatucker13287@suffermail.com, password=password]]]>
              </value>
            </param>
          </params>
          <exception class="java.lang.AssertionError">
            <message>
              <![CDATA[expected [Angel John1] but found [Angel John]]]>
            </message>
            <full-stacktrace>
              <![CDATA[java.lang.AssertionError: expected [Angel John1] but found [Angel John]
at org.testng.Assert.fail(Assert.java:111)
at org.testng.Assert.failNotEquals(Assert.java:1590)
at org.testng.Assert.assertEqualsImpl(Assert.java:150)
at org.testng.Assert.assertEquals(Assert.java:132)
at org.testng.Assert.assertEquals(Assert.java:656)
at org.testng.Assert.assertEquals(Assert.java:666)
at com.ui.tests.LoginTest.verify_Login_Valid_withExcelDATA__Credentials(LoginTest.java:51)
at java.base/jdk.internal.reflect.DirectMethodHandleAccessor.invoke(DirectMethodHandleAccessor.java:103)
at java.base/java.lang.reflect.Method.invoke(Method.java:580)
at org.testng.internal.invokers.MethodInvocationHelper.invokeMethod(MethodInvocationHelper.java:141)
at org.testng.internal.invokers.TestInvoker.invokeMethod(TestInvoker.java:697)
at org.testng.internal.invokers.TestInvoker.retryFailed(TestInvoker.java:280)
at org.testng.internal.invokers.MethodRunner.runInSequence(MethodRunner.java:76)
at org.testng.internal.invokers.TestInvoker$MethodInvocationAgent.invoke(TestInvoker.java:1005)
at org.testng.internal.invokers.TestInvoker.invokeTestMethods(TestInvoker.java:203)
at org.testng.internal.invokers.TestMethodWorker.invokeTestMethods(TestMethodWorker.java:154)
at org.testng.internal.invokers.TestMethodWorker.run(TestMethodWorker.java:134)
at java.base/java.util.ArrayList.forEach(ArrayList.java:1596)
at org.testng.TestRunner.privateRun(TestRunner.java:744)
at org.testng.TestRunner.run(TestRunner.java:616)
at org.testng.SuiteRunner.runTest(SuiteRunner.java:421)
at org.testng.SuiteRunner.runSequentially(SuiteRunner.java:413)
at org.testng.SuiteRunner.privateRun(SuiteRunner.java:373)
at org.testng.SuiteRunner.run(SuiteRunner.java:312)
at org.testng.SuiteRunnerWorker.runSuite(SuiteRunnerWorker.java:52)
at org.testng.SuiteRunnerWorker.run(SuiteRunnerWorker.java:95)
at org.testng.TestNG.runSuitesSequentially(TestNG.java:1274)
at org.testng.TestNG.runSuitesLocally(TestNG.java:1208)
at org.testng.TestNG.runSuites(TestNG.java:1112)
at org.testng.TestNG.run(TestNG.java:1079)
at org.testng.remote.AbstractRemoteTestNG.run(AbstractRemoteTestNG.java:115)
at org.testng.remote.RemoteTestNG.initAndRun(RemoteTestNG.java:293)
at org.testng.remote.RemoteTestNG.main(RemoteTestNG.java:91)
]]>
            </full-stacktrace>
          </exception> <!-- java.lang.AssertionError -->
          <reporter-output>
          </reporter-output>
        </test-method> <!-- verify_Login_Valid_withExcelDATA__Credentials -->
        <test-method is-config="true" signature="setup()[pri:0, instance:com.ui.tests.LoginTest@1800a575]" started-at="2026-02-15T02:34:33 IST" name="setup" description="load the HomePage of website" finished-at="2026-02-15T02:34:55 IST" duration-ms="21894" status="PASS">
          <reporter-output>
          </reporter-output>
        </test-method> <!-- setup -->
        <test-method signature="verify_Login_Valid_withExcelDATA__Credentials(com.ui.pojo.User)[pri:0, instance:com.ui.tests.LoginTest@1800a575]" started-at="2026-02-15T02:34:55 IST" name="verify_Login_Valid_withExcelDATA__Credentials" description="verifies with valid user is able to login into the application" data-provider="LoginTestExcelDataProvider" finished-at="2026-02-15T02:35:03 IST" duration-ms="8220" status="FAIL">
          <params>
            <param index="0">
              <value>
                <![CDATA[User [emailAddress=angelatucker13287@suffermail.com, password=password]]]>
              </value>
            </param>
          </params>
          <exception class="java.lang.AssertionError">
            <message>
              <![CDATA[expected [Angel John1] but found [Angel John]]]>
            </message>
            <full-stacktrace>
              <![CDATA[java.lang.AssertionError: expected [Angel John1] but found [Angel John]
at org.testng.Assert.fail(Assert.java:111)
at org.testng.Assert.failNotEquals(Assert.java:1590)
at org.testng.Assert.assertEqualsImpl(Assert.java:150)
at org.testng.Assert.assertEquals(Assert.java:132)
at org.testng.Assert.assertEquals(Assert.java:656)
at org.testng.Assert.assertEquals(Assert.java:666)
at com.ui.tests.LoginTest.verify_Login_Valid_withExcelDATA__Credentials(LoginTest.java:51)
at java.base/jdk.internal.reflect.DirectMethodHandleAccessor.invoke(DirectMethodHandleAccessor.java:103)
at java.base/java.lang.reflect.Method.invoke(Method.java:580)
at org.testng.internal.invokers.MethodInvocationHelper.invokeMethod(MethodInvocationHelper.java:141)
at org.testng.internal.invokers.TestInvoker.invokeMethod(TestInvoker.java:697)
at org.testng.internal.invokers.TestInvoker.retryFailed(TestInvoker.java:280)
at org.testng.internal.invokers.MethodRunner.runInSequence(MethodRunner.java:76)
at org.testng.internal.invokers.TestInvoker$MethodInvocationAgent.invoke(TestInvoker.java:1005)
at org.testng.internal.invokers.TestInvoker.invokeTestMethods(TestInvoker.java:203)
at org.testng.internal.invokers.TestMethodWorker.invokeTestMethods(TestMethodWorker.java:154)
at org.testng.internal.invokers.TestMethodWorker.run(TestMethodWorker.java:134)
at java.base/java.util.ArrayList.forEach(ArrayList.java:1596)
at org.testng.TestRunner.privateRun(TestRunner.java:744)
at org.testng.TestRunner.run(TestRunner.java:616)
at org.testng.SuiteRunner.runTest(SuiteRunner.java:421)
at org.testng.SuiteRunner.runSequentially(SuiteRunner.java:413)
at org.testng.SuiteRunner.privateRun(SuiteRunner.java:373)
at org.testng.SuiteRunner.run(SuiteRunner.java:312)
at org.testng.SuiteRunnerWorker.runSuite(SuiteRunnerWorker.java:52)
at org.testng.SuiteRunnerWorker.run(SuiteRunnerWorker.java:95)
at org.testng.TestNG.runSuitesSequentially(TestNG.java:1274)
at org.testng.TestNG.runSuitesLocally(TestNG.java:1208)
at org.testng.TestNG.runSuites(TestNG.java:1112)
at org.testng.TestNG.run(TestNG.java:1079)
at org.testng.remote.AbstractRemoteTestNG.run(AbstractRemoteTestNG.java:115)
at org.testng.remote.RemoteTestNG.initAndRun(RemoteTestNG.java:293)
at org.testng.remote.RemoteTestNG.main(RemoteTestNG.java:91)
]]>
            </full-stacktrace>
          </exception> <!-- java.lang.AssertionError -->
          <reporter-output>
          </reporter-output>
        </test-method> <!-- verify_Login_Valid_withExcelDATA__Credentials -->
      </class> <!-- com.ui.tests.LoginTest -->
    </test> <!-- Default test -->
  </suite> <!-- Default suite -->
</testng-results>
