<?xml version="1.0" encoding="UTF-8"?>
<testng-results ignored="0" total="1" passed="1" failed="0" skipped="0">
  <reporter-output>
  </reporter-output>
  <suite started-at="2026-02-08T23:09:25 IST" name="Default suite" finished-at="2026-02-08T23:09:32 IST" duration-ms="6844">
    <groups>
      <group name="sanity">
        <method signature="LoginTest.verify_Login_Valid_Credentials()[pri:0, instance:com.ui.tests.LoginTest@7d8995e]" name="verify_Login_Valid_Credentials" class="com.ui.tests.LoginTest"/>
      </group> <!-- sanity -->
      <group name="e2e">
        <method signature="LoginTest.verify_Login_Valid_Credentials()[pri:0, instance:com.ui.tests.LoginTest@7d8995e]" name="verify_Login_Valid_Credentials" class="com.ui.tests.LoginTest"/>
      </group> <!-- e2e -->
    </groups>
    <test started-at="2026-02-08T23:09:25 IST" name="Default test" finished-at="2026-02-08T23:09:32 IST" duration-ms="6844">
      <class name="com.ui.tests.LoginTest">
        <test-method signature="verify_Login_Valid_Credentials()[pri:0, instance:com.ui.tests.LoginTest@7d8995e]" started-at="2026-02-08T23:09:25 IST" name="verify_Login_Valid_Credentials" description="verifies with valid user is able to login into the application" finished-at="2026-02-08T23:09:32 IST" duration-ms="6681" status="PASS">
          <reporter-output>
          </reporter-output>
        </test-method> <!-- verify_Login_Valid_Credentials -->
      </class> <!-- com.ui.tests.LoginTest -->
    </test> <!-- Default test -->
  </suite> <!-- Default suite -->
</testng-results>
