<?xml version="1.0" encoding="UTF-8"?>
<testng-results ignored="0" total="1" passed="1" failed="0" skipped="0">
  <reporter-output>
  </reporter-output>
  <suite started-at="2026-02-08T23:45:44 IST" name="Default suite" finished-at="2026-02-08T23:45:53 IST" duration-ms="8649">
    <groups>
      <group name="sanity">
        <method signature="LoginTest.verify_Login_Valid_Credentials()[pri:0, instance:com.ui.tests.LoginTest@351d00c0]" name="verify_Login_Valid_Credentials" class="com.ui.tests.LoginTest"/>
      </group> <!-- sanity -->
      <group name="e2e">
        <method signature="LoginTest.verify_Login_Valid_Credentials()[pri:0, instance:com.ui.tests.LoginTest@351d00c0]" name="verify_Login_Valid_Credentials" class="com.ui.tests.LoginTest"/>
      </group> <!-- e2e -->
    </groups>
    <test started-at="2026-02-08T23:45:44 IST" name="Default test" finished-at="2026-02-08T23:45:53 IST" duration-ms="8649">
      <class name="com.ui.tests.LoginTest">
        <test-method is-config="true" signature="setup()[pri:0, instance:com.ui.tests.LoginTest@351d00c0]" started-at="2026-02-08T23:45:44 IST" name="setup" description="load the HomePage of website" finished-at="2026-02-08T23:45:50 IST" duration-ms="6196" status="PASS">
          <reporter-output>
          </reporter-output>
        </test-method> <!-- setup -->
        <test-method signature="verify_Login_Valid_Credentials()[pri:0, instance:com.ui.tests.LoginTest@351d00c0]" started-at="2026-02-08T23:45:50 IST" name="verify_Login_Valid_Credentials" description="verifies with valid user is able to login into the application" finished-at="2026-02-08T23:45:53 IST" duration-ms="2321" status="PASS">
          <reporter-output>
          </reporter-output>
        </test-method> <!-- verify_Login_Valid_Credentials -->
      </class> <!-- com.ui.tests.LoginTest -->
    </test> <!-- Default test -->
  </suite> <!-- Default suite -->
</testng-results>
