<?xml version="1.0" encoding="UTF-8"?>
<testng-results ignored="0" total="1" passed="1" failed="0" skipped="0">
  <reporter-output>
  </reporter-output>
  <suite started-at="2026-02-16T16:03:49 IST" name="Default suite" finished-at="2026-02-16T16:03:55 IST" duration-ms="5450">
    <groups>
      <group name="smoke">
        <method signature="LoginTestInavlidCredential.InvalidTest()[pri:0, instance:com.ui.tests.LoginTestInavlidCredential@3abada5a]" name="InvalidTest" class="com.ui.tests.LoginTestInavlidCredential"/>
      </group> <!-- smoke -->
      <group name="sanity">
        <method signature="LoginTestInavlidCredential.InvalidTest()[pri:0, instance:com.ui.tests.LoginTestInavlidCredential@3abada5a]" name="InvalidTest" class="com.ui.tests.LoginTestInavlidCredential"/>
      </group> <!-- sanity -->
      <group name="e2e">
        <method signature="LoginTestInavlidCredential.InvalidTest()[pri:0, instance:com.ui.tests.LoginTestInavlidCredential@3abada5a]" name="InvalidTest" class="com.ui.tests.LoginTestInavlidCredential"/>
      </group> <!-- e2e -->
    </groups>
    <test started-at="2026-02-16T16:03:49 IST" name="Default test" finished-at="2026-02-16T16:03:55 IST" duration-ms="5450">
      <class name="com.ui.tests.LoginTestInavlidCredential">
        <test-method is-config="true" signature="setup(java.lang.String,boolean,boolean,org.testng.ITestResult)[pri:0, instance:com.ui.tests.LoginTestInavlidCredential@3abada5a]" started-at="2026-02-16T16:03:50 IST" name="setup" description="load the HomePage of website" finished-at="2026-02-16T16:03:54 IST" duration-ms="4048" status="PASS">
          <params>
            <param index="0">
              <value>
                <![CDATA[Chrome]]>
              </value>
            </param>
            <param index="1">
              <value>
                <![CDATA[false]]>
              </value>
            </param>
            <param index="2">
              <value>
                <![CDATA[false]]>
              </value>
            </param>
            <param index="3">
              <value>
                <![CDATA[[TestResult name={null} status=CREATED method=LoginTestInavlidCredential.InvalidTest()[pri:0, instance:com.ui.tests.LoginTestInavlidCredential@3abada5a] output={null}]]]>
              </value>
            </param>
          </params>
          <reporter-output>
          </reporter-output>
        </test-method> <!-- setup -->
        <test-method signature="InvalidTest()[pri:0, instance:com.ui.tests.LoginTestInavlidCredential@3abada5a]" started-at="2026-02-16T16:03:54 IST" name="InvalidTest" description="verifies with proper error message shown for when user enter invalid credentials | Authentication failed " finished-at="2026-02-16T16:03:55 IST" duration-ms="862" status="PASS">
          <reporter-output>
          </reporter-output>
        </test-method> <!-- InvalidTest -->
        <test-method is-config="true" signature="tearDown()[pri:0, instance:com.ui.tests.LoginTestInavlidCredential@3abada5a]" started-at="2026-02-16T16:03:55 IST" name="tearDown" description="Tear Down the browser" finished-at="2026-02-16T16:03:55 IST" duration-ms="285" status="PASS">
          <reporter-output>
          </reporter-output>
        </test-method> <!-- tearDown -->
      </class> <!-- com.ui.tests.LoginTestInavlidCredential -->
    </test> <!-- Default test -->
  </suite> <!-- Default suite -->
</testng-results>
