<?xml version="1.0" encoding="UTF-8"?>
<testng-results ignored="0" total="1" passed="1" failed="0" skipped="0">
  <reporter-output>
  </reporter-output>
  <suite started-at="2026-02-17T14:02:59 IST" name="Default suite" finished-at="2026-02-17T14:03:06 IST" duration-ms="6491">
    <groups>
      <group name="smoke">
        <method signature="ProductSearchTest.verifyProductSearchTest(com.ui.pojo.User)[pri:0, instance:com.ui.tests.ProductSearchTest@5ddf0d24]" name="verifyProductSearchTest" class="com.ui.tests.ProductSearchTest"/>
      </group> <!-- smoke -->
      <group name="sanity">
        <method signature="ProductSearchTest.verifyProductSearchTest(com.ui.pojo.User)[pri:0, instance:com.ui.tests.ProductSearchTest@5ddf0d24]" name="verifyProductSearchTest" class="com.ui.tests.ProductSearchTest"/>
      </group> <!-- sanity -->
      <group name="e2e">
        <method signature="ProductSearchTest.verifyProductSearchTest(com.ui.pojo.User)[pri:0, instance:com.ui.tests.ProductSearchTest@5ddf0d24]" name="verifyProductSearchTest" class="com.ui.tests.ProductSearchTest"/>
      </group> <!-- e2e -->
    </groups>
    <test started-at="2026-02-17T14:02:59 IST" name="Default test" finished-at="2026-02-17T14:03:06 IST" duration-ms="6491">
      <class name="com.ui.tests.ProductSearchTest">
        <test-method is-config="true" signature="setup()[pri:0, instance:com.ui.tests.ProductSearchTest@5ddf0d24]" started-at="2026-02-17T14:03:00 IST" name="setup" description="load the HomePage of website" finished-at="2026-02-17T14:03:04 IST" duration-ms="3951" status="PASS">
          <reporter-output>
          </reporter-output>
        </test-method> <!-- setup -->
        <test-method signature="verifyProductSearchTest(com.ui.pojo.User)[pri:0, instance:com.ui.tests.ProductSearchTest@5ddf0d24]" started-at="2026-02-17T14:03:04 IST" name="verifyProductSearchTest" description="verifies if the logged in user able to to search product and correct product  are displayed" data-provider="LoginTestExcelDataProvider" finished-at="2026-02-17T14:03:06 IST" duration-ms="1623" status="PASS">
          <params>
            <param index="0">
              <value>
                <![CDATA[User [emailAddress=angelatucker13287@suffermail.com, password=password]]]>
              </value>
            </param>
          </params>
          <reporter-output>
          </reporter-output>
        </test-method> <!-- verifyProductSearchTest -->
      </class> <!-- com.ui.tests.ProductSearchTest -->
    </test> <!-- Default test -->
  </suite> <!-- Default suite -->
</testng-results>
