<?xml version="1.0" encoding="UTF-8"?>
<testng-results retried="3" ignored="2" total="6" passed="0" failed="1" skipped="0">
  <reporter-output>
  </reporter-output>
  <suite started-at="2026-02-13T16:47:58 IST" name="Default suite" finished-at="2026-02-13T16:48:29 IST" duration-ms="31219">
    <groups>
      <group name="sanity">
        <method signature="LoginTest.verify_Login_Valid_withExcelDATA__Credentials(com.ui.pojo.User)[pri:0, instance:com.ui.tests.LoginTest@5505ae1a]" name="verify_Login_Valid_withExcelDATA__Credentials" class="com.ui.tests.LoginTest"/>
      </group> <!-- sanity -->
      <group name="e2e">
        <method signature="LoginTest.verify_Login_Valid_withExcelDATA__Credentials(com.ui.pojo.User)[pri:0, instance:com.ui.tests.LoginTest@5505ae1a]" name="verify_Login_Valid_withExcelDATA__Credentials" class="com.ui.tests.LoginTest"/>
      </group> <!-- e2e -->
    </groups>
    <test started-at="2026-02-13T16:47:58 IST" name="Default test" finished-at="2026-02-13T16:48:29 IST" duration-ms="31219">
      <class name="com.ui.tests.LoginTest">
        <test-method is-config="true" signature="setup()[pri:0, instance:com.ui.tests.LoginTest@5505ae1a]" started-at="2026-02-13T16:47:58 IST" name="setup" description="load the HomePage of website" finished-at="2026-02-13T16:48:04 IST" duration-ms="5543" status="PASS">
          <reporter-output>
          </reporter-output>
        </test-method> <!-- setup -->
        <test-method retried="true" signature="verify_Login_Valid_withExcelDATA__Credentials(com.ui.pojo.User)[pri:0, instance:com.ui.tests.LoginTest@5505ae1a]" started-at="2026-02-13T16:48:04 IST" name="verify_Login_Valid_withExcelDATA__Credentials" description="verifies with valid user is able to login into the application" data-provider="LoginTestExcelDataProvider" finished-at="2026-02-13T16:48:06 IST" duration-ms="1559" status="SKIP">
          <params>
            <param index="0">
              <value>
                <![CDATA[User [emailAddress=angelatucker13287@suffermail.com, password=password]]]>
              </value>
            </param>
          </params>
          <exception class="java.lang.AssertionError">
            <message>
              <![CDATA[expected [Angel John1] but found [Angel John]]]>
            </message>
            <full-stacktrace>
              <![CDATA[java.lang.AssertionError: expected [Angel John1] but found [Angel John]
at org.testng.Assert.fail(Assert.java:111)
at org.testng.Assert.failNotEquals(Assert.java:1590)
at org.testng.Assert.assertEqualsImpl(Assert.java:150)
at org.testng.Assert.assertEquals(Assert.java:132)
at org.testng.Assert.assertEquals(Assert.java:656)
at org.testng.Assert.assertEquals(Assert.java:666)
at com.ui.tests.LoginTest.verify_Login_Valid_withExcelDATA__Credentials(LoginTest.java:61)
at java.base/jdk.internal.reflect.DirectMethodHandleAccessor.invoke(DirectMethodHandleAccessor.java:103)
at java.base/java.lang.reflect.Method.invoke(Method.java:580)
at org.testng.internal.invokers.MethodInvocationHelper.invokeMethod(MethodInvocationHelper.java:141)
at org.testng.internal.invokers.TestInvoker.invokeMethod(TestInvoker.java:697)
at org.testng.internal.invokers.TestInvoker.invokeTestMethod(TestInvoker.java:230)
at org.testng.internal.invokers.MethodRunner.runInSequence(MethodRunner.java:63)
at org.testng.internal.invokers.TestInvoker$MethodInvocationAgent.invoke(TestInvoker.java:1005)
at org.testng.internal.invokers.TestInvoker.invokeTestMethods(TestInvoker.java:203)
at org.testng.internal.invokers.TestMethodWorker.invokeTestMethods(TestMethodWorker.java:154)
at org.testng.internal.invokers.TestMethodWorker.run(TestMethodWorker.java:134)
at java.base/java.util.ArrayList.forEach(ArrayList.java:1596)
at org.testng.TestRunner.privateRun(TestRunner.java:744)
at org.testng.TestRunner.run(TestRunner.java:616)
at org.testng.SuiteRunner.runTest(SuiteRunner.java:421)
at org.testng.SuiteRunner.runSequentially(SuiteRunner.java:413)
at org.testng.SuiteRunner.privateRun(SuiteRunner.java:373)
at org.testng.SuiteRunner.run(SuiteRunner.java:312)
at org.testng.SuiteRunnerWorker.runSuite(SuiteRunnerWorker.java:52)
at org.testng.SuiteRunnerWorker.run(SuiteRunnerWorker.java:95)
at org.testng.TestNG.runSuitesSequentially(TestNG.java:1274)
at org.testng.TestNG.runSuitesLocally(TestNG.java:1208)
at org.testng.TestNG.runSuites(TestNG.java:1112)
at org.testng.TestNG.run(TestNG.java:1079)
at org.testng.remote.AbstractRemoteTestNG.run(AbstractRemoteTestNG.java:115)
at org.testng.remote.RemoteTestNG.initAndRun(RemoteTestNG.java:293)
at org.testng.remote.RemoteTestNG.main(RemoteTestNG.java:91)
]]>
            </full-stacktrace>
          </exception> <!-- java.lang.AssertionError -->
          <reporter-output>
          </reporter-output>
        </test-method> <!-- verify_Login_Valid_withExcelDATA__Credentials -->
        <test-method is-config="true" signature="setup()[pri:0, instance:com.ui.tests.LoginTest@5505ae1a]" started-at="2026-02-13T16:48:06 IST" name="setup" description="load the HomePage of website" finished-at="2026-02-13T16:48:10 IST" duration-ms="4818" status="PASS">
          <reporter-output>
          </reporter-output>
        </test-method> <!-- setup -->
        <test-method retried="true" signature="verify_Login_Valid_withExcelDATA__Credentials(com.ui.pojo.User)[pri:0, instance:com.ui.tests.LoginTest@5505ae1a]" started-at="2026-02-13T16:48:10 IST" name="verify_Login_Valid_withExcelDATA__Credentials" description="verifies with valid user is able to login into the application" data-provider="LoginTestExcelDataProvider" finished-at="2026-02-13T16:48:12 IST" duration-ms="2053" status="SKIP">
          <params>
            <param index="0">
              <value>
                <![CDATA[User [emailAddress=angelatucker13287@suffermail.com, password=password]]]>
              </value>
            </param>
          </params>
          <exception class="java.lang.AssertionError">
            <message>
              <![CDATA[expected [Angel John1] but found [Angel John]]]>
            </message>
            <full-stacktrace>
              <![CDATA[java.lang.AssertionError: expected [Angel John1] but found [Angel John]
at org.testng.Assert.fail(Assert.java:111)
at org.testng.Assert.failNotEquals(Assert.java:1590)
at org.testng.Assert.assertEqualsImpl(Assert.java:150)
at org.testng.Assert.assertEquals(Assert.java:132)
at org.testng.Assert.assertEquals(Assert.java:656)
at org.testng.Assert.assertEquals(Assert.java:666)
at com.ui.tests.LoginTest.verify_Login_Valid_withExcelDATA__Credentials(LoginTest.java:61)
at java.base/jdk.internal.reflect.DirectMethodHandleAccessor.invoke(DirectMethodHandleAccessor.java:103)
at java.base/java.lang.reflect.Method.invoke(Method.java:580)
at org.testng.internal.invokers.MethodInvocationHelper.invokeMethod(MethodInvocationHelper.java:141)
at org.testng.internal.invokers.TestInvoker.invokeMethod(TestInvoker.java:697)
at org.testng.internal.invokers.TestInvoker.retryFailed(TestInvoker.java:280)
at org.testng.internal.invokers.MethodRunner.runInSequence(MethodRunner.java:76)
at org.testng.internal.invokers.TestInvoker$MethodInvocationAgent.invoke(TestInvoker.java:1005)
at org.testng.internal.invokers.TestInvoker.invokeTestMethods(TestInvoker.java:203)
at org.testng.internal.invokers.TestMethodWorker.invokeTestMethods(TestMethodWorker.java:154)
at org.testng.internal.invokers.TestMethodWorker.run(TestMethodWorker.java:134)
at java.base/java.util.ArrayList.forEach(ArrayList.java:1596)
at org.testng.TestRunner.privateRun(TestRunner.java:744)
at org.testng.TestRunner.run(TestRunner.java:616)
at org.testng.SuiteRunner.runTest(SuiteRunner.java:421)
at org.testng.SuiteRunner.runSequentially(SuiteRunner.java:413)
at org.testng.SuiteRunner.privateRun(SuiteRunner.java:373)
at org.testng.SuiteRunner.run(SuiteRunner.java:312)
at org.testng.SuiteRunnerWorker.runSuite(SuiteRunnerWorker.java:52)
at org.testng.SuiteRunnerWorker.run(SuiteRunnerWorker.java:95)
at org.testng.TestNG.runSuitesSequentially(TestNG.java:1274)
at org.testng.TestNG.runSuitesLocally(TestNG.java:1208)
at org.testng.TestNG.runSuites(TestNG.java:1112)
at org.testng.TestNG.run(TestNG.java:1079)
at org.testng.remote.AbstractRemoteTestNG.run(AbstractRemoteTestNG.java:115)
at org.testng.remote.RemoteTestNG.initAndRun(RemoteTestNG.java:293)
at org.testng.remote.RemoteTestNG.main(RemoteTestNG.java:91)
]]>
            </full-stacktrace>
          </exception> <!-- java.lang.AssertionError -->
          <reporter-output>
          </reporter-output>
        </test-method> <!-- verify_Login_Valid_withExcelDATA__Credentials -->
        <test-method is-config="true" signature="setup()[pri:0, instance:com.ui.tests.LoginTest@5505ae1a]" started-at="2026-02-13T16:48:12 IST" name="setup" description="load the HomePage of website" finished-at="2026-02-13T16:48:16 IST" duration-ms="3409" status="PASS">
          <reporter-output>
          </reporter-output>
        </test-method> <!-- setup -->
        <test-method retried="true" signature="verify_Login_Valid_withExcelDATA__Credentials(com.ui.pojo.User)[pri:0, instance:com.ui.tests.LoginTest@5505ae1a]" started-at="2026-02-13T16:48:16 IST" name="verify_Login_Valid_withExcelDATA__Credentials" description="verifies with valid user is able to login into the application" data-provider="LoginTestExcelDataProvider" finished-at="2026-02-13T16:48:19 IST" duration-ms="3345" status="SKIP">
          <params>
            <param index="0">
              <value>
                <![CDATA[User [emailAddress=angelatucker13287@suffermail.com, password=password]]]>
              </value>
            </param>
          </params>
          <exception class="java.lang.AssertionError">
            <message>
              <![CDATA[expected [Angel John1] but found [Angel John]]]>
            </message>
            <full-stacktrace>
              <![CDATA[java.lang.AssertionError: expected [Angel John1] but found [Angel John]
at org.testng.Assert.fail(Assert.java:111)
at org.testng.Assert.failNotEquals(Assert.java:1590)
at org.testng.Assert.assertEqualsImpl(Assert.java:150)
at org.testng.Assert.assertEquals(Assert.java:132)
at org.testng.Assert.assertEquals(Assert.java:656)
at org.testng.Assert.assertEquals(Assert.java:666)
at com.ui.tests.LoginTest.verify_Login_Valid_withExcelDATA__Credentials(LoginTest.java:61)
at java.base/jdk.internal.reflect.DirectMethodHandleAccessor.invoke(DirectMethodHandleAccessor.java:103)
at java.base/java.lang.reflect.Method.invoke(Method.java:580)
at org.testng.internal.invokers.MethodInvocationHelper.invokeMethod(MethodInvocationHelper.java:141)
at org.testng.internal.invokers.TestInvoker.invokeMethod(TestInvoker.java:697)
at org.testng.internal.invokers.TestInvoker.retryFailed(TestInvoker.java:280)
at org.testng.internal.invokers.MethodRunner.runInSequence(MethodRunner.java:76)
at org.testng.internal.invokers.TestInvoker$MethodInvocationAgent.invoke(TestInvoker.java:1005)
at org.testng.internal.invokers.TestInvoker.invokeTestMethods(TestInvoker.java:203)
at org.testng.internal.invokers.TestMethodWorker.invokeTestMethods(TestMethodWorker.java:154)
at org.testng.internal.invokers.TestMethodWorker.run(TestMethodWorker.java:134)
at java.base/java.util.ArrayList.forEach(ArrayList.java:1596)
at org.testng.TestRunner.privateRun(TestRunner.java:744)
at org.testng.TestRunner.run(TestRunner.java:616)
at org.testng.SuiteRunner.runTest(SuiteRunner.java:421)
at org.testng.SuiteRunner.runSequentially(SuiteRunner.java:413)
at org.testng.SuiteRunner.privateRun(SuiteRunner.java:373)
at org.testng.SuiteRunner.run(SuiteRunner.java:312)
at org.testng.SuiteRunnerWorker.runSuite(SuiteRunnerWorker.java:52)
at org.testng.SuiteRunnerWorker.run(SuiteRunnerWorker.java:95)
at org.testng.TestNG.runSuitesSequentially(TestNG.java:1274)
at org.testng.TestNG.runSuitesLocally(TestNG.java:1208)
at org.testng.TestNG.runSuites(TestNG.java:1112)
at org.testng.TestNG.run(TestNG.java:1079)
at org.testng.remote.AbstractRemoteTestNG.run(AbstractRemoteTestNG.java:115)
at org.testng.remote.RemoteTestNG.initAndRun(RemoteTestNG.java:293)
at org.testng.remote.RemoteTestNG.main(RemoteTestNG.java:91)
]]>
            </full-stacktrace>
          </exception> <!-- java.lang.AssertionError -->
          <reporter-output>
          </reporter-output>
        </test-method> <!-- verify_Login_Valid_withExcelDATA__Credentials -->
        <test-method is-config="true" signature="setup()[pri:0, instance:com.ui.tests.LoginTest@5505ae1a]" started-at="2026-02-13T16:48:19 IST" name="setup" description="load the HomePage of website" finished-at="2026-02-13T16:48:24 IST" duration-ms="4650" status="PASS">
          <reporter-output>
          </reporter-output>
        </test-method> <!-- setup -->
        <test-method signature="verify_Login_Valid_withExcelDATA__Credentials(com.ui.pojo.User)[pri:0, instance:com.ui.tests.LoginTest@5505ae1a]" started-at="2026-02-13T16:48:24 IST" name="verify_Login_Valid_withExcelDATA__Credentials" description="verifies with valid user is able to login into the application" data-provider="LoginTestExcelDataProvider" finished-at="2026-02-13T16:48:29 IST" duration-ms="4939" status="FAIL">
          <params>
            <param index="0">
              <value>
                <![CDATA[User [emailAddress=angelatucker13287@suffermail.com, password=password]]]>
              </value>
            </param>
          </params>
          <exception class="java.lang.AssertionError">
            <message>
              <![CDATA[expected [Angel John1] but found [Angel John]]]>
            </message>
            <full-stacktrace>
              <![CDATA[java.lang.AssertionError: expected [Angel John1] but found [Angel John]
at org.testng.Assert.fail(Assert.java:111)
at org.testng.Assert.failNotEquals(Assert.java:1590)
at org.testng.Assert.assertEqualsImpl(Assert.java:150)
at org.testng.Assert.assertEquals(Assert.java:132)
at org.testng.Assert.assertEquals(Assert.java:656)
at org.testng.Assert.assertEquals(Assert.java:666)
at com.ui.tests.LoginTest.verify_Login_Valid_withExcelDATA__Credentials(LoginTest.java:61)
at java.base/jdk.internal.reflect.DirectMethodHandleAccessor.invoke(DirectMethodHandleAccessor.java:103)
at java.base/java.lang.reflect.Method.invoke(Method.java:580)
at org.testng.internal.invokers.MethodInvocationHelper.invokeMethod(MethodInvocationHelper.java:141)
at org.testng.internal.invokers.TestInvoker.invokeMethod(TestInvoker.java:697)
at org.testng.internal.invokers.TestInvoker.retryFailed(TestInvoker.java:280)
at org.testng.internal.invokers.MethodRunner.runInSequence(MethodRunner.java:76)
at org.testng.internal.invokers.TestInvoker$MethodInvocationAgent.invoke(TestInvoker.java:1005)
at org.testng.internal.invokers.TestInvoker.invokeTestMethods(TestInvoker.java:203)
at org.testng.internal.invokers.TestMethodWorker.invokeTestMethods(TestMethodWorker.java:154)
at org.testng.internal.invokers.TestMethodWorker.run(TestMethodWorker.java:134)
at java.base/java.util.ArrayList.forEach(ArrayList.java:1596)
at org.testng.TestRunner.privateRun(TestRunner.java:744)
at org.testng.TestRunner.run(TestRunner.java:616)
at org.testng.SuiteRunner.runTest(SuiteRunner.java:421)
at org.testng.SuiteRunner.runSequentially(SuiteRunner.java:413)
at org.testng.SuiteRunner.privateRun(SuiteRunner.java:373)
at org.testng.SuiteRunner.run(SuiteRunner.java:312)
at org.testng.SuiteRunnerWorker.runSuite(SuiteRunnerWorker.java:52)
at org.testng.SuiteRunnerWorker.run(SuiteRunnerWorker.java:95)
at org.testng.TestNG.runSuitesSequentially(TestNG.java:1274)
at org.testng.TestNG.runSuitesLocally(TestNG.java:1208)
at org.testng.TestNG.runSuites(TestNG.java:1112)
at org.testng.TestNG.run(TestNG.java:1079)
at org.testng.remote.AbstractRemoteTestNG.run(AbstractRemoteTestNG.java:115)
at org.testng.remote.RemoteTestNG.initAndRun(RemoteTestNG.java:293)
at org.testng.remote.RemoteTestNG.main(RemoteTestNG.java:91)
]]>
            </full-stacktrace>
          </exception> <!-- java.lang.AssertionError -->
          <reporter-output>
          </reporter-output>
        </test-method> <!-- verify_Login_Valid_withExcelDATA__Credentials -->
      </class> <!-- com.ui.tests.LoginTest -->
    </test> <!-- Default test -->
  </suite> <!-- Default suite -->
</testng-results>
