<?xml version="1.0" encoding="UTF-8"?>
<testng-results ignored="0" total="1" passed="1" failed="0" skipped="0">
  <reporter-output>
  </reporter-output>
  <suite started-at="2026-02-22T01:00:52 IST" name="Default suite" finished-at="2026-02-22T01:01:00 IST" duration-ms="8346">
    <groups>
      <group name="smoke">
        <method signature="ProductDetailTest.checkoutTest(com.ui.pojo.User)[pri:0, instance:com.ui.tests.ProductDetailTest@141e5bef]" name="checkoutTest" class="com.ui.tests.ProductDetailTest"/>
      </group> <!-- smoke -->
      <group name="sanity">
        <method signature="ProductDetailTest.checkoutTest(com.ui.pojo.User)[pri:0, instance:com.ui.tests.ProductDetailTest@141e5bef]" name="checkoutTest" class="com.ui.tests.ProductDetailTest"/>
      </group> <!-- sanity -->
      <group name="e2e">
        <method signature="ProductDetailTest.checkoutTest(com.ui.pojo.User)[pri:0, instance:com.ui.tests.ProductDetailTest@141e5bef]" name="checkoutTest" class="com.ui.tests.ProductDetailTest"/>
      </group> <!-- e2e -->
    </groups>
    <test started-at="2026-02-22T01:00:52 IST" name="Default test" finished-at="2026-02-22T01:01:00 IST" duration-ms="8346">
      <class name="com.ui.tests.ProductDetailTest">
        <test-method is-config="true" signature="setup()[pri:0, instance:com.ui.tests.ProductDetailTest@141e5bef]" started-at="2026-02-22T01:00:53 IST" name="setup" description="load the HomePage of website" finished-at="2026-02-22T01:00:57 IST" duration-ms="4299" status="PASS">
          <reporter-output>
          </reporter-output>
        </test-method> <!-- setup -->
        <test-method signature="checkoutTest(com.ui.pojo.User)[pri:0, instance:com.ui.tests.ProductDetailTest@141e5bef]" started-at="2026-02-22T01:00:57 IST" name="checkoutTest" description="verifies if logged in User is able to buy a dress" data-provider="LoginTestExcelDataProvider" finished-at="2026-02-22T01:01:00 IST" duration-ms="3362" status="PASS">
          <params>
            <param index="0">
              <value>
                <![CDATA[User [emailAddress=angelatucker13287@suffermail.com, password=password]]]>
              </value>
            </param>
          </params>
          <reporter-output>
          </reporter-output>
        </test-method> <!-- checkoutTest -->
      </class> <!-- com.ui.tests.ProductDetailTest -->
    </test> <!-- Default test -->
  </suite> <!-- Default suite -->
</testng-results>
