<?xml version="1.0" encoding="UTF-8"?>
<testng-results ignored="2" total="3" passed="1" failed="0" skipped="0">
  <reporter-output>
  </reporter-output>
  <suite started-at="2026-02-12T14:42:04 IST" name="Default suite" finished-at="2026-02-12T14:42:11 IST" duration-ms="7015">
    <groups>
      <group name="sanity">
        <method signature="LoginTest.verify_Login_Valid_withExcelDATA__Credentials(com.ui.pojo.User)[pri:0, instance:com.ui.tests.LoginTest@765d7657]" name="verify_Login_Valid_withExcelDATA__Credentials" class="com.ui.tests.LoginTest"/>
      </group> <!-- sanity -->
      <group name="e2e">
        <method signature="LoginTest.verify_Login_Valid_withExcelDATA__Credentials(com.ui.pojo.User)[pri:0, instance:com.ui.tests.LoginTest@765d7657]" name="verify_Login_Valid_withExcelDATA__Credentials" class="com.ui.tests.LoginTest"/>
      </group> <!-- e2e -->
    </groups>
    <test started-at="2026-02-12T14:42:04 IST" name="Default test" finished-at="2026-02-12T14:42:11 IST" duration-ms="7015">
      <class name="com.ui.tests.LoginTest">
        <test-method is-config="true" signature="setup()[pri:0, instance:com.ui.tests.LoginTest@765d7657]" started-at="2026-02-12T14:42:05 IST" name="setup" description="load the HomePage of website" finished-at="2026-02-12T14:42:10 IST" duration-ms="4838" status="PASS">
          <reporter-output>
          </reporter-output>
        </test-method> <!-- setup -->
        <test-method signature="verify_Login_Valid_withExcelDATA__Credentials(com.ui.pojo.User)[pri:0, instance:com.ui.tests.LoginTest@765d7657]" started-at="2026-02-12T14:42:10 IST" name="verify_Login_Valid_withExcelDATA__Credentials" description="verifies with valid user is able to login into the application" data-provider="LoginTestExcelDataProvider" finished-at="2026-02-12T14:42:11 IST" duration-ms="1297" status="PASS">
          <params>
            <param index="0">
              <value>
                <![CDATA[User [emailAddress=angelatucker13287@suffermail.com, password=password]]]>
              </value>
            </param>
          </params>
          <reporter-output>
          </reporter-output>
        </test-method> <!-- verify_Login_Valid_withExcelDATA__Credentials -->
      </class> <!-- com.ui.tests.LoginTest -->
    </test> <!-- Default test -->
  </suite> <!-- Default suite -->
</testng-results>
