<?xml version="1.0" encoding="UTF-8"?>
<testng-results ignored="0" total="3" passed="3" failed="0" skipped="0">
  <reporter-output>
  </reporter-output>
  <suite started-at="2026-02-09T23:37:47 IST" name="Default suite" finished-at="2026-02-09T23:37:59 IST" duration-ms="12351">
    <groups>
      <group name="sanity">
        <method signature="LoginTest.verify_Login_Valid_Credentials(com.ui.pojo.User)[pri:0, instance:com.ui.tests.LoginTest@55b699ef]" name="verify_Login_Valid_Credentials" class="com.ui.tests.LoginTest"/>
      </group> <!-- sanity -->
      <group name="e2e">
        <method signature="LoginTest.verify_Login_Valid_Credentials(com.ui.pojo.User)[pri:0, instance:com.ui.tests.LoginTest@55b699ef]" name="verify_Login_Valid_Credentials" class="com.ui.tests.LoginTest"/>
      </group> <!-- e2e -->
    </groups>
    <test started-at="2026-02-09T23:37:47 IST" name="Default test" finished-at="2026-02-09T23:37:59 IST" duration-ms="12351">
      <class name="com.ui.tests.LoginTest">
        <test-method is-config="true" signature="setup()[pri:0, instance:com.ui.tests.LoginTest@55b699ef]" started-at="2026-02-09T23:37:47 IST" name="setup" description="load the HomePage of website" finished-at="2026-02-09T23:37:52 IST" duration-ms="4889" status="PASS">
          <reporter-output>
          </reporter-output>
        </test-method> <!-- setup -->
        <test-method signature="verify_Login_Valid_Credentials(com.ui.pojo.User)[pri:0, instance:com.ui.tests.LoginTest@55b699ef]" started-at="2026-02-09T23:37:52 IST" name="verify_Login_Valid_Credentials" description="verifies with valid user is able to login into the application" data-provider="LoginTestDataProvider" finished-at="2026-02-09T23:37:53 IST" duration-ms="1055" status="PASS">
          <params>
            <param index="0">
              <value>
                <![CDATA[com.ui.pojo.User@2e54db99]]>
              </value>
            </param>
          </params>
          <reporter-output>
          </reporter-output>
        </test-method> <!-- verify_Login_Valid_Credentials -->
        <test-method is-config="true" signature="setup()[pri:0, instance:com.ui.tests.LoginTest@55b699ef]" started-at="2026-02-09T23:37:53 IST" name="setup" description="load the HomePage of website" finished-at="2026-02-09T23:37:55 IST" duration-ms="2373" status="PASS">
          <reporter-output>
          </reporter-output>
        </test-method> <!-- setup -->
        <test-method signature="verify_Login_Valid_Credentials(com.ui.pojo.User)[pri:0, instance:com.ui.tests.LoginTest@55b699ef]" started-at="2026-02-09T23:37:55 IST" name="verify_Login_Valid_Credentials" description="verifies with valid user is able to login into the application" data-provider="LoginTestDataProvider" finished-at="2026-02-09T23:37:56 IST" duration-ms="1186" status="PASS">
          <params>
            <param index="0">
              <value>
                <![CDATA[com.ui.pojo.User@549621f3]]>
              </value>
            </param>
          </params>
          <reporter-output>
          </reporter-output>
        </test-method> <!-- verify_Login_Valid_Credentials -->
        <test-method is-config="true" signature="setup()[pri:0, instance:com.ui.tests.LoginTest@55b699ef]" started-at="2026-02-09T23:37:56 IST" name="setup" description="load the HomePage of website" finished-at="2026-02-09T23:37:58 IST" duration-ms="1675" status="PASS">
          <reporter-output>
          </reporter-output>
        </test-method> <!-- setup -->
        <test-method signature="verify_Login_Valid_Credentials(com.ui.pojo.User)[pri:0, instance:com.ui.tests.LoginTest@55b699ef]" started-at="2026-02-09T23:37:58 IST" name="verify_Login_Valid_Credentials" description="verifies with valid user is able to login into the application" data-provider="LoginTestDataProvider" finished-at="2026-02-09T23:37:59 IST" duration-ms="1048" status="PASS">
          <params>
            <param index="0">
              <value>
                <![CDATA[com.ui.pojo.User@7fe083b1]]>
              </value>
            </param>
          </params>
          <reporter-output>
          </reporter-output>
        </test-method> <!-- verify_Login_Valid_Credentials -->
      </class> <!-- com.ui.tests.LoginTest -->
    </test> <!-- Default test -->
  </suite> <!-- Default suite -->
</testng-results>
