<?xml version="1.0" encoding="UTF-8"?>
<!-- Generated by org.testng.reporters.JUnitReportReporter -->
<testsuite hostname="DESKTOP-79N3A6J" failures="0" tests="6" name="com.ui.tests.LoginTest" time="33.469" errors="0" timestamp="2026-02-22T15:51:52 IST" skipped="0">
  <testcase classname="com.ui.tests.LoginTest" name="verify_Login_Valid_withCSVDATA__Credentials" time="5.056"/>
  <testcase classname="com.ui.tests.LoginTest" name="verify_Login_Valid_withExcelDATA__Credentials" time="6.711"/>
  <testcase classname="com.ui.tests.LoginTest" name="verify_Login_Valid_Credentials" time="5.408"/>
  <testcase classname="com.ui.tests.LoginTest" name="verify_Login_Valid_withCSVDATA__Credentials" time="6.303"/>
  <testcase classname="com.ui.tests.LoginTest" name="verify_Login_Valid_Credentials" time="3.932"/>
  <testcase classname="com.ui.tests.LoginTest" name="verify_Login_Valid_Credentials" time="6.059"/>
</testsuite> <!-- com.ui.tests.LoginTest -->
