<?xml version="1.0" encoding="UTF-8"?>
<!-- Generated by org.testng.reporters.JUnitReportReporter -->
<testsuite hostname="DESKTOP-79N3A6J" failures="0" tests="3" name="com.ui.tests.LoginTest" time="12.226" errors="0" timestamp="2026-02-09T23:37:59 IST" skipped="0">
  <testcase classname="com.ui.tests.LoginTest" name="verify_Login_Valid_Credentials" time="6.075"/>
  <testcase classname="com.ui.tests.LoginTest" name="verify_Login_Valid_Credentials" time="2.730"/>
  <testcase classname="com.ui.tests.LoginTest" name="verify_Login_Valid_Credentials" time="3.421"/>
</testsuite> <!-- com.ui.tests.LoginTest -->
