<?xml version="1.0" encoding="UTF-8"?>
<!-- Generated by org.testng.reporters.JUnitReportReporter -->
<testsuite hostname="DESKTOP-79N3A6J" failures="0" tests="6" name="com.ui.tests.LoginTest" time="28.151" errors="0" timestamp="2026-02-23T17:09:12 IST" skipped="0">
  <testcase classname="com.ui.tests.LoginTest" name="verify_Login_Valid_Credentials" time="6.647"/>
  <testcase classname="com.ui.tests.LoginTest" name="verify_Login_Valid_withCSVDATA__Credentials" time="4.861"/>
  <testcase classname="com.ui.tests.LoginTest" name="verify_Login_Valid_Credentials" time="3.270"/>
  <testcase classname="com.ui.tests.LoginTest" name="verify_Login_Valid_withCSVDATA__Credentials" time="4.436"/>
  <testcase classname="com.ui.tests.LoginTest" name="verify_Login_Valid_Credentials" time="4.633"/>
  <testcase classname="com.ui.tests.LoginTest" name="verify_Login_Valid_withExcelDATA__Credentials" time="4.304"/>
</testsuite> <!-- com.ui.tests.LoginTest -->
