<?xml version="1.0" encoding="UTF-8"?>
<!-- Generated by org.testng.reporters.JUnitReportReporter -->
<testsuite hostname="LIN59018729" failures="0" tests="2" name="com.ui.tests.LoginTest" time="15.070" errors="0" timestamp="2026-02-16T12:44:19 IST" skipped="0">
  <testcase classname="com.ui.tests.LoginTest" name="verify_Login_Valid_withCSVDATA__Credentials" time="8.691"/>
  <testcase classname="com.ui.tests.LoginTest" name="verify_Login_Valid_withCSVDATA__Credentials" time="6.379"/>
</testsuite> <!-- com.ui.tests.LoginTest -->
