<?xml version="1.0" encoding="UTF-8"?>
<!-- Generated by org.testng.reporters.JUnitXMLReporter -->
<testsuite ignored="0" hostname="LIN59018729" failures="0" tests="7" name="UI Automation Test" time="34.48" errors="0" timestamp="2026-06-17T17:12:05 IST">
  <testcase classname="com.ui.tests.LoginTest" name="verify_Login_Valid_withExcelDATA__Credentials" time="0.832">
    <skipped/>
  </testcase> <!-- verify_Login_Valid_withExcelDATA__Credentials -->
  <testcase classname="com.ui.tests.LoginTest" name="verify_Login_Valid_Credentials" time="2.072"/>
  <testcase classname="com.ui.tests.LoginTest" name="verify_Login_Valid_withCSVDATA__Credentials" time="2.265"/>
  <testcase classname="com.ui.tests.LoginTest" name="verify_Login_Valid_withCSVDATA__Credentials" time="2.064"/>
  <testcase classname="com.ui.tests.LoginTest" name="verify_Login_Valid_Credentials" time="2.2"/>
  <testcase classname="com.ui.tests.LoginTest" name="verify_Login_Valid_withExcelDATA__Credentials" time="2.391"/>
  <testcase classname="com.ui.tests.LoginTest" name="verify_Login_Valid_Credentials" time="1.692"/>
</testsuite> <!-- UI Automation Test -->
