<?xml version="1.0" encoding="UTF-8"?>
<!-- Generated by org.testng.reporters.JUnitXMLReporter -->
<testsuite ignored="0" hostname="DESKTOP-79N3A6J" failures="0" tests="6" name="UI Automation Test" time="14.857" errors="0" timestamp="2026-02-22T15:51:52 IST">
  <testcase classname="com.ui.tests.LoginTest" name="verify_Login_Valid_Credentials" time="3.415"/>
  <testcase classname="com.ui.tests.LoginTest" name="verify_Login_Valid_withCSVDATA__Credentials" time="2.287"/>
  <testcase classname="com.ui.tests.LoginTest" name="verify_Login_Valid_withExcelDATA__Credentials" time="2.355"/>
  <testcase classname="com.ui.tests.LoginTest" name="verify_Login_Valid_Credentials" time="1.067"/>
  <testcase classname="com.ui.tests.LoginTest" name="verify_Login_Valid_withCSVDATA__Credentials" time="1.165"/>
  <testcase classname="com.ui.tests.LoginTest" name="verify_Login_Valid_Credentials" time="0.873"/>
</testsuite> <!-- UI Automation Test -->
