<?xml version="1.0" encoding="UTF-8"?>
<!-- Generated by org.testng.reporters.JUnitXMLReporter -->
<testsuite ignored="0" hostname="LIN59018729" failures="1" tests="9" name="UI Automation Test" time="35.338" errors="0" timestamp="2026-02-16T12:28:30 IST">
  <testcase classname="com.ui.tests.LoginTest" name="verify_Login_Valid_withExcelDATA__Credentials" time="2.346">
    <skipped/>
  </testcase> <!-- verify_Login_Valid_withExcelDATA__Credentials -->
  <testcase classname="com.ui.tests.LoginTest" name="verify_Login_Valid_withCSVDATA__Credentials" time="3.297"/>
  <testcase classname="com.ui.tests.LoginTest" name="verify_Login_Valid_Credentials" time="2.796"/>
  <testcase classname="com.ui.tests.LoginTest" name="verify_Login_Valid_withExcelDATA__Credentials" time="1.664">
    <skipped/>
  </testcase> <!-- verify_Login_Valid_withExcelDATA__Credentials -->
  <testcase classname="com.ui.tests.LoginTest" name="verify_Login_Valid_withCSVDATA__Credentials" time="1.837"/>
  <testcase classname="com.ui.tests.LoginTest" name="verify_Login_Valid_Credentials" time="3.916"/>
  <testcase classname="com.ui.tests.LoginTest" name="verify_Login_Valid_withExcelDATA__Credentials" time="1.47">
    <skipped/>
  </testcase> <!-- verify_Login_Valid_withExcelDATA__Credentials -->
  <testcase classname="com.ui.tests.LoginTest" name="verify_Login_Valid_Credentials" time="2.033"/>
  <testcase classname="com.ui.tests.LoginTest" name="verify_Login_Valid_withExcelDATA__Credentials" time="1.657">
    <failure type="java.lang.AssertionError" message="expected [Angel John1] but found [Angel John]">
      <![CDATA[java.lang.AssertionError: expected [Angel John1] but found [Angel John]
at com.ui.tests.LoginTest.verify_Login_Valid_withExcelDATA__Credentials(LoginTest.java:51)
at java.base/java.util.concurrent.Executors$RunnableAdapter.call(Executors.java:572)
at java.base/java.util.concurrent.FutureTask.run(FutureTask.java:317)
at java.base/java.util.concurrent.ThreadPoolExecutor.runWorker(ThreadPoolExecutor.java:1144)
at java.base/java.util.concurrent.ThreadPoolExecutor$Worker.run(ThreadPoolExecutor.java:642)
at java.base/java.lang.Thread.run(Thread.java:1583)
... Removed 17 stack frames]]>
    </failure>
  </testcase> <!-- verify_Login_Valid_withExcelDATA__Credentials -->
</testsuite> <!-- UI Automation Test -->
